#
# There is insufficient memory for the Java Runtime Environment to continue.
# Native memory allocation (mmap) failed to map 65536 bytes. Error detail: Failed to commit metaspace.
# Possible reasons:
#   The system is out of physical RAM or swap space
#   This process is running with CompressedOops enabled, and the Java Heap may be blocking the growth of the native heap
# Possible solutions:
#   Reduce memory load on the system
#   Increase physical memory or swap space
#   Check if swap backing store is full
#   Decrease Java heap size (-Xmx/-Xms)
#   Decrease number of Java threads
#   Decrease Java thread stack sizes (-Xss)
#   Set larger code cache with -XX:ReservedCodeCacheSize=
#   JVM is running with Unscaled Compressed Oops mode in which the Java heap is
#     placed in the first 4GB address space. The Java Heap base address is the
#     maximum limit for the native heap growth. Please use -XX:HeapBaseMinAddress
#     to set the Java Heap base and to place the Java Heap above 4GB virtual address.
# This output file may be truncated or incomplete.
#
#  Out of Memory Error (virtualSpaceNode.cpp:113), pid=10064, tid=18528
#
# JRE version: OpenJDK Runtime Environment Temurin-21.0.9+10 (21.0.9+10) (build 21.0.9+10-LTS)
# Java VM: OpenJDK 64-Bit Server VM Temurin-21.0.9+10 (21.0.9+10-LTS, mixed mode, sharing, tiered, compressed oops, compressed class ptrs, parallel gc, windows-amd64)
# No core dump will be written. Minidumps are not enabled by default on client versions of Windows
#

---------------  S U M M A R Y ------------

Command Line: --add-modules=ALL-SYSTEM --add-opens=java.base/java.util=ALL-UNNAMED --add-opens=java.base/java.lang=ALL-UNNAMED --add-opens=java.base/sun.nio.fs=ALL-UNNAMED -Declipse.application=org.eclipse.jdt.ls.core.id1 -Dosgi.bundles.defaultStartLevel=4 -Declipse.product=org.eclipse.jdt.ls.core.product -Djava.import.generatesMetadataFilesAtProjectRoot=false -DDetectVMInstallationsJob.disabled=true -Dfile.encoding=utf8 -XX:+UseParallelGC -XX:GCTimeRatio=4 -XX:AdaptiveSizePolicyWeight=90 -Dsun.zip.disableMemoryMapping=true -Xmx2G -Xms100m -Xlog:disable -javaagent:c:\Users\kapil\.vscode\extensions\redhat.java-1.50.0-win32-x64\lombok\lombok-1.18.39-4050.jar c:\Users\kapil\.vscode\extensions\redhat.java-1.50.0-win32-x64\server\plugins\org.eclipse.equinox.launcher_1.7.100.v20251111-0406.jar -configuration c:\Users\kapil\AppData\Roaming\Code\User\globalStorage\redhat.java\1.50.0\config_ss_win -data c:\Users\kapil\AppData\Roaming\Code\User\workspaceStorage\b88cca7d63a09b7ea88d1ccb400f27c1\redhat.java\ss_ws --pipe=\\.\pipe\lsp-1ab125fe7bbe39e39bb4fd5c6145f677-sock

Host: 11th Gen Intel(R) Core(TM) i7-1195G7 @ 2.90GHz, 8 cores, 7G,  Windows 11 , 64 bit Build 26100 (10.0.26100.7309)
Time: Sat Jan  3 21:06:18 2026 Sri Lanka Standard Time elapsed time: 0.139335 seconds (0d 0h 0m 0s)

---------------  T H R E A D  ---------------

Current thread (0x0000021b6ebfd470):  JavaThread "main"             [_thread_in_vm, id=18528, stack(0x000000468a400000,0x000000468a500000) (1024K)]

Stack: [0x000000468a400000,0x000000468a500000]
Native frames: (J=compiled Java code, j=interpreted, Vv=VM code, C=native code)
V  [jvm.dll+0x6d6e29]
V  [jvm.dll+0x8b4b76]
V  [jvm.dll+0x8b712e]
V  [jvm.dll+0x8b7813]
V  [jvm.dll+0x283d86]
V  [jvm.dll+0x8b08be]
V  [jvm.dll+0x678824]
V  [jvm.dll+0x67888a]
V  [jvm.dll+0x67b086]
V  [jvm.dll+0x67af52]
V  [jvm.dll+0x6791fe]
V  [jvm.dll+0x68a3bd]
V  [jvm.dll+0x68373e]
V  [jvm.dll+0x3dcfc1]
C  0x0000021b0753b930

The last pc belongs to method entry point (kind = zerolocals) (printed below).
Java frames: (J=compiled Java code, j=interpreted, Vv=VM code)
j  java.security.SecureClassLoader$CodeSourceKey.<init>(Ljava/security/CodeSource;)V+0 java.base@21.0.9
j  java.security.SecureClassLoader.getProtectionDomain(Ljava/security/CodeSource;)Ljava/security/ProtectionDomain;+11 java.base@21.0.9
j  java.security.SecureClassLoader.defineClass(Ljava/lang/String;[BIILjava/security/CodeSource;)Ljava/lang/Class;+9 java.base@21.0.9
j  jdk.internal.loader.BuiltinClassLoader.defineClass(Ljava/lang/String;Ljdk/internal/loader/Resource;)Ljava/lang/Class;+117 java.base@21.0.9
j  jdk.internal.loader.BuiltinClassLoader.findClassOnClassPathOrNull(Ljava/lang/String;)Ljava/lang/Class;+37 java.base@21.0.9
j  jdk.internal.loader.BuiltinClassLoader.loadClassOrNull(Ljava/lang/String;Z)Ljava/lang/Class;+111 java.base@21.0.9
j  jdk.internal.loader.BuiltinClassLoader.loadClass(Ljava/lang/String;Z)Ljava/lang/Class;+3 java.base@21.0.9
j  jdk.internal.loader.ClassLoaders$AppClassLoader.loadClass(Ljava/lang/String;Z)Ljava/lang/Class;+36 java.base@21.0.9
j  java.lang.ClassLoader.loadClass(Ljava/lang/String;)Ljava/lang/Class;+3 java.base@21.0.9
j  sun.instrument.InstrumentationImpl.loadClassAndStartAgent(Ljava/lang/String;Ljava/lang/String;Ljava/lang/String;)V+8 java.instrument@21.0.9
j  sun.instrument.InstrumentationImpl.loadClassAndCallPremain(Ljava/lang/String;Ljava/lang/String;)V+6 java.instrument@21.0.9
v  ~StubRoutines::call_stub 0x0000021b075310e7
method entry point (kind = zerolocals)  [0x0000021b0753b740, 0x0000021b0753bb08]  968 bytes
[MachCode]
  0x0000021b0753b740: 488b 5308 | 0fb7 4a2e | 0fb7 522c | 2bd1 81fa | f501 0000 | 0f86 2500 | 0000 488b | c248 c1e0 
  0x0000021b0753b760: 0348 83c0 | 5849 0387 | c804 0000 | 483b e00f | 870a 0000 | 0058 498b | e550 e901 | afff ff58 
  0x0000021b0753b780: 4c8d 74cc | f885 d20f | 8e09 0000 | 0068 0000 | 0000 ffca | 7ff7 5055 | 488b ec41 | 5568 0000 
  0x0000021b0753b7a0: 0000 4c8b | 6b08 4d8d | 6d38 5348 | 8b53 0848 | 8b52 0848 | 8b52 1848 | 8b52 7048 | 8b12 5248 
  0x0000021b0753b7c0: 8b53 1048 | 85d2 0f84 | 0700 0000 | 4881 c208 | 0100 0052 | 488b 5308 | 488b 5208 | 488b 5210 
  0x0000021b0753b7e0: 5249 8bc6 | 482b c548 | c1e8 0350 | 4155 6800 | 0000 0048 | 8924 2441 | c687 7104 | 0000 0148 
  0x0000021b0753b800: 8b45 d848 | 85c0 0f84 | 9100 0000 | 8b48 fc85 | c90f 8886 | 0000 0048 | 03c1 488b | 4808 4883 
  0x0000021b0753b820: e902 488b | 54c8 1048 | f7da 498b | 14d6 4885 | d275 10f6 | 44c8 1801 | 755d f048 | 834c c818 
  0x0000021b0753b840: 01eb 548b | 5208 49ba | 0000 000f | 1b02 0000 | 4903 d24c | 8bd2 4833 | 54c8 1848 | f7c2 fcff 
  0x0000021b0753b860: ffff 7433 | f6c2 0275 | 2e48 837c | c818 0074 | 2148 837c | c818 0174 | 1949 8bd2 | 4833 54c8 
  0x0000021b0753b880: 1848 f7c2 | fcff ffff | 740d 4883 | 4cc8 1802 | eb05 4889 | 54c8 1848 | 83e9 0279 | 8548 8b43 
  0x0000021b0753b8a0: 1048 85c0 | 7420 8b88 | cc00 0000 | 83c1 0289 | 88cc 0000 | 0023 88e0 | 0000 000f | 8496 0100 
  0x0000021b0753b8c0: 00e9 cf00 | 0000 488b | 4318 4885 | c00f 85b0 | 0000 00e8 | 0500 0000 | e999 0000 | 0048 8bd3 
  0x0000021b0753b8e0: 488d 4424 | 084c 896d | c049 8bcf | c5f8 7749 | 89af a803 | 0000 4989 | 8798 0300 | 0048 83ec 
  0x0000021b0753b900: 2040 f6c4 | 0f0f 8419 | 0000 0048 | 83ec 0848 | b8a0 cfe1 | a5fd 7f00 | 00ff d048 | 83c4 08e9 
  0x0000021b0753b920: 0c00 0000 | 48b8 a0cf | e1a5 fd7f | 0000 ffd0 | 4883 c420 | 49c7 8798 | 0300 0000 | 0000 0049 
  0x0000021b0753b940: c787 a803 | 0000 0000 | 0000 49c7 | 87a0 0300 | 0000 0000 | 00c5 f877 | 4983 7f08 | 000f 8405 
  0x0000021b0753b960: 0000 00e9 | 9855 ffff | 4c8b 6dc0 | 4c8b 75c8 | 4e8d 74f5 | 00c3 488b | 4318 4885 | c00f 8412 
  0x0000021b0753b980: 0000 008b | 4808 83c1 | 0289 4808 | 2348 1c0f | 84c2 0000 | 0049 3ba7 | e004 0000 | 0f87 4800 
  0x0000021b0753b9a0: 0000 8984 | 2400 f0ff | ff89 8424 | 00e0 ffff | 8984 2400 | d0ff ff89 | 8424 00c0 | ffff 8984 
  0x0000021b0753b9c0: 2400 b0ff | ff89 8424 | 00a0 ffff | 8984 2400 | 90ff ff89 | 8424 0080 | ffff 493b | a7d8 0400 
  0x0000021b0753b9e0: 0076 0749 | 89a7 e004 | 0000 41c6 | 8771 0400 | 0000 49ba | cf4d 6ea6 | fd7f 0000 | 4180 3a00 
  0x0000021b0753ba00: 0f84 3e00 | 0000 488b | 55e8 498b | cf48 83ec | 2040 f6c4 | 0f0f 8419 | 0000 0048 | 83ec 0848 
  0x0000021b0753ba20: b840 d517 | a6fd 7f00 | 00ff d048 | 83c4 08e9 | 0c00 0000 | 48b8 40d5 | 17a6 fd7f | 0000 ffd0 
  0x0000021b0753ba40: 4883 c420 | 410f b65d | 0049 ba30 | 1d71 a6fd | 7f00 0041 | ff24 daba | 0000 0000 | e805 0000 
  0x0000021b0753ba60: 00e9 9600 | 0000 488d | 4424 084c | 896d c049 | 8bcf c5f8 | 7749 89af | a803 0000 | 4989 8798 
  0x0000021b0753ba80: 0300 0048 | 83ec 2040 | f6c4 0f0f | 8419 0000 | 0048 83ec | 0848 b860 | dae1 a5fd | 7f00 00ff 
  0x0000021b0753baa0: d048 83c4 | 08e9 0c00 | 0000 48b8 | 60da e1a5 | fd7f 0000 | ffd0 4883 | c420 49c7 | 8798 0300 
  0x0000021b0753bac0: 0000 0000 | 0049 c787 | a803 0000 | 0000 0000 | 49c7 87a0 | 0300 0000 | 0000 00c5 | f877 4983 
  0x0000021b0753bae0: 7f08 000f | 8405 0000 | 00e9 1254 | ffff 4c8b | 6dc0 4c8b | 75c8 4e8d | 74f5 00c3 | 488b 5de8 
  0x0000021b0753bb00: e990 feff | ff66 6690 
[/MachCode]

---------------  P R O C E S S  ---------------

Threads class SMR info:
_java_thread_list=0x0000021b7c217dc0, length=10, elements={
0x0000021b6ebfd470, 0x0000021b6ecbac80, 0x0000021b6ecbd860, 0x0000021b76678fc0,
0x0000021b7667bed0, 0x0000021b76680740, 0x0000021b7667eaf0, 0x0000021b766880c0,
0x0000021b7668f580, 0x0000021b7c1ec4c0
}

Java Threads: ( => current thread )
=>0x0000021b6ebfd470 JavaThread "main"                              [_thread_in_vm, id=18528, stack(0x000000468a400000,0x000000468a500000) (1024K)]
  0x0000021b6ecbac80 JavaThread "Reference Handler"          daemon [_thread_blocked, id=19284, stack(0x000000468a800000,0x000000468a900000) (1024K)]
  0x0000021b6ecbd860 JavaThread "Finalizer"                  daemon [_thread_blocked, id=19896, stack(0x000000468a900000,0x000000468aa00000) (1024K)]
  0x0000021b76678fc0 JavaThread "Signal Dispatcher"          daemon [_thread_blocked, id=19628, stack(0x000000468aa00000,0x000000468ab00000) (1024K)]
  0x0000021b7667bed0 JavaThread "Attach Listener"            daemon [_thread_blocked, id=14944, stack(0x000000468ab00000,0x000000468ac00000) (1024K)]
  0x0000021b76680740 JavaThread "Service Thread"             daemon [_thread_blocked, id=21348, stack(0x000000468ac00000,0x000000468ad00000) (1024K)]
  0x0000021b7667eaf0 JavaThread "Monitor Deflation Thread"   daemon [_thread_blocked, id=20188, stack(0x000000468ad00000,0x000000468ae00000) (1024K)]
  0x0000021b766880c0 JavaThread "C2 CompilerThread0"         daemon [_thread_blocked, id=7564, stack(0x000000468ae00000,0x000000468af00000) (1024K)]
  0x0000021b7668f580 JavaThread "C1 CompilerThread0"         daemon [_thread_in_vm, id=10200, stack(0x000000468af00000,0x000000468b000000) (1024K)]
  0x0000021b7c1ec4c0 JavaThread "Common-Cleaner"             daemon [_thread_blocked, id=21076, stack(0x000000468b000000,0x000000468b100000) (1024K)]
Total: 10

Other Threads:
  0x0000021b6ec9f750 VMThread "VM Thread"                           [id=152, stack(0x000000468a700000,0x000000468a800000) (1024K)]
  0x0000021b6ec68500 WatcherThread "VM Periodic Task Thread"        [id=8816, stack(0x000000468a600000,0x000000468a700000) (1024K)]
  0x0000021b6ec1bbc0 WorkerThread "GC Thread#0"                     [id=3088, stack(0x000000468a500000,0x000000468a600000) (1024K)]
Total: 3

Threads with active compile tasks:
C1 CompilerThread0  160  219       3       java.util.zip.ZipCoder$UTF8ZipCoder::checkedHash (79 bytes)
Total: 1

VM state: not at safepoint (normal execution)

VM Mutex/Monitor currently owned by a thread:  ([mutex/lock_event])
[0x00007ffda66fb4f0] Metaspace_lock - owner thread: 0x0000021b6ebfd470

Heap address: 0x0000000080000000, size: 2048 MB, Compressed Oops mode: 32-bit

CDS archive(s) mapped at: [0x0000021b0f000000-0x0000021b0fba0000-0x0000021b0fba0000), size 12189696, SharedBaseAddress: 0x0000021b0f000000, ArchiveRelocationMode: 1.
Compressed class space mapped at: 0x0000021b10000000-0x0000021b50000000, reserved size: 1073741824
Narrow klass base: 0x0000021b0f000000, Narrow klass shift: 0, Narrow klass range: 0x100000000

GC Precious Log:
 CardTable entry size: 512
 CPUs: 8 total, 8 available
 Memory: 7941M
 Large Page Support: Disabled
 NUMA Support: Disabled
 Compressed Oops: Enabled (32-bit)
 Alignments: Space 512K, Generation 512K, Heap 2M
 Heap Min Capacity: 100M
 Heap Initial Capacity: 100M
 Heap Max Capacity: 2G
 Pre-touch: Disabled
 Parallel Workers: 8

Heap:
 PSYoungGen      total 29696K, used 3584K [0x00000000d5580000, 0x00000000d7680000, 0x0000000100000000)
  eden space 25600K, 14% used [0x00000000d5580000,0x00000000d5900230,0x00000000d6e80000)
  from space 4096K, 0% used [0x00000000d7280000,0x00000000d7280000,0x00000000d7680000)
  to   space 4096K, 0% used [0x00000000d6e80000,0x00000000d6e80000,0x00000000d7280000)
 ParOldGen       total 68608K, used 0K [0x0000000080000000, 0x0000000084300000, 0x00000000d5580000)
  object space 68608K, 0% used [0x0000000080000000,0x0000000080000000,0x0000000084300000)
 Metaspace       used 343K, committed 512K, reserved 1114112K
  class space    used 20K, committed 128K, reserved 1048576K

Card table byte_map: [0x0000021b6e5a0000,0x0000021b6e9b0000] _byte_map_base: 0x0000021b6e1a0000

Marking Bits: (ParMarkBitMap*) 0x00007ffda6702460
 Begin Bits: [0x0000021b720b0000, 0x0000021b740b0000)
 End Bits:   [0x0000021b740b0000, 0x0000021b760b0000)

Polling page: 0x0000021b6cab0000

Metaspace:

Usage:
  Non-class:    323.38 KB used.
      Class:     20.56 KB used.
       Both:    343.94 KB used.

Virtual space:
  Non-class space:       64.00 MB reserved,     384.00 KB ( <1%) committed,  1 nodes.
      Class space:        1.00 GB reserved,     128.00 KB ( <1%) committed,  1 nodes.
             Both:        1.06 GB reserved,     512.00 KB ( <1%) committed. 

Chunk freelists:
   Non-Class:  11.99 MB
       Class:  15.75 MB
        Both:  27.74 MB

MaxMetaspaceSize: unlimited
CompressedClassSpaceSize: 1.00 GB
Initial GC threshold: 21.00 MB
Current GC threshold: 21.00 MB
CDS: on
 - commit_granule_bytes: 65536.
 - commit_granule_words: 8192.
 - virtual_space_node_default_size: 8388608.
 - enlarge_chunks_in_place: 1.
 - use_allocation_guard: 0.


Internal statistics:

num_allocs_failed_limit: 0.
num_arena_births: 8.
num_arena_deaths: 0.
num_vsnodes_births: 2.
num_vsnodes_deaths: 0.
num_space_committed: 8.
num_space_uncommitted: 0.
num_chunks_returned_to_freelist: 0.
num_chunks_taken_from_freelist: 9.
num_chunk_merges: 0.
num_chunk_splits: 6.
num_chunks_enlarged: 3.
num_inconsistent_stats: 0.

CodeHeap 'non-profiled nmethods': size=120000Kb used=72Kb max_used=72Kb free=119927Kb
 bounds [0x0000021b07ad0000, 0x0000021b07d40000, 0x0000021b0f000000]
CodeHeap 'profiled nmethods': size=120000Kb used=238Kb max_used=238Kb free=119761Kb
 bounds [0x0000021b00000000, 0x0000021b00270000, 0x0000021b07530000]
CodeHeap 'non-nmethods': size=5760Kb used=1153Kb max_used=1167Kb free=4606Kb
 bounds [0x0000021b07530000, 0x0000021b077a0000, 0x0000021b07ad0000]
CodeCache: size=245760Kb, used=1463Kb, max_used=1477Kb, free=244294Kb
 total_blobs=607, nmethods=218, adapters=296, full_count=0
Compilation: enabled, stopped_count=0, restarted_count=0

Compilation events (20 events):
Event: 0.125 Thread 0x0000021b7668f580 nmethod 211 0x0000021b00036a10 code [0x0000021b00036bc0, 0x0000021b00036d68]
Event: 0.125 Thread 0x0000021b7668f580  209       3       java.util.zip.ZipUtils::CENEXT (9 bytes)
Event: 0.125 Thread 0x0000021b7668f580 nmethod 209 0x0000021b00036e90 code [0x0000021b00037040, 0x0000021b000371e8]
Event: 0.125 Thread 0x0000021b7668f580  212       3       java.util.zip.ZipUtils::LG (22 bytes)
Event: 0.125 Thread 0x0000021b7668f580 nmethod 212 0x0000021b00037310 code [0x0000021b000374c0, 0x0000021b00037730]
Event: 0.125 Thread 0x0000021b7668f580  208       1       java.util.zip.ZipCoder$UTF8ZipCoder::isUTF8 (2 bytes)
Event: 0.125 Thread 0x0000021b7668f580 nmethod 208 0x0000021b07ae1410 code [0x0000021b07ae15a0, 0x0000021b07ae1668]
Event: 0.125 Thread 0x0000021b7668f580  213       3       java.util.zip.ZipUtils::CENNAM (9 bytes)
Event: 0.125 Thread 0x0000021b7668f580 nmethod 213 0x0000021b00037890 code [0x0000021b00037a40, 0x0000021b00037be8]
Event: 0.125 Thread 0x0000021b7668f580  214       3       java.util.zip.ZipFile$Source::zipCoderForPos (39 bytes)
Event: 0.125 Thread 0x0000021b7668f580 nmethod 214 0x0000021b00037d10 code [0x0000021b00037ee0, 0x0000021b000382c0]
Event: 0.125 Thread 0x0000021b7668f580  215       3       java.util.zip.ZipUtils::CENHOW (9 bytes)
Event: 0.125 Thread 0x0000021b766880c0 nmethod 210 0x0000021b07ae1710 code [0x0000021b07ae18a0, 0x0000021b07ae1980]
Event: 0.125 Thread 0x0000021b7668f580 nmethod 215 0x0000021b00038490 code [0x0000021b00038640, 0x0000021b000387e8]
Event: 0.125 Thread 0x0000021b766880c0  223 %     4       java.lang.StringCoding::countPositives @ 7 (33 bytes)
Event: 0.126 Thread 0x0000021b7668f580  216       3       java.util.zip.ZipUtils::CENFLG (9 bytes)
Event: 0.126 Thread 0x0000021b7668f580 nmethod 216 0x0000021b00038910 code [0x0000021b00038ac0, 0x0000021b00038c68]
Event: 0.126 Thread 0x0000021b7668f580  217   !   3       java.util.zip.ZipFile$Source::checkAndAddEntry (295 bytes)
Event: 0.127 Thread 0x0000021b7668f580 nmethod 217 0x0000021b00038d90 code [0x0000021b00039180, 0x0000021b0003a9c0]
Event: 0.128 Thread 0x0000021b7668f580  219       3       java.util.zip.ZipCoder$UTF8ZipCoder::checkedHash (79 bytes)

GC Heap History (0 events):
No events

Dll operation events (6 events):
Event: 0.010 Loaded shared library c:\Users\kapil\.vscode\extensions\redhat.java-1.50.0-win32-x64\jre\21.0.9-win32-x86_64\bin\java.dll
Event: 0.086 Loaded shared library c:\Users\kapil\.vscode\extensions\redhat.java-1.50.0-win32-x64\jre\21.0.9-win32-x86_64\bin\zip.dll
Event: 0.111 Loaded shared library C:\Users\kapil\.vscode\extensions\redhat.java-1.50.0-win32-x64\jre\21.0.9-win32-x86_64\bin\instrument.dll
Event: 0.118 Loaded shared library C:\Users\kapil\.vscode\extensions\redhat.java-1.50.0-win32-x64\jre\21.0.9-win32-x86_64\bin\net.dll
Event: 0.120 Loaded shared library C:\Users\kapil\.vscode\extensions\redhat.java-1.50.0-win32-x64\jre\21.0.9-win32-x86_64\bin\nio.dll
Event: 0.123 Loaded shared library C:\Users\kapil\.vscode\extensions\redhat.java-1.50.0-win32-x64\jre\21.0.9-win32-x86_64\bin\zip.dll

Deoptimization events (8 events):
Event: 0.126 Thread 0x0000021b6ebfd470 Uncommon trap: trap_request=0xffffffde fr.pc=0x0000021b07adf9f4 relative=0x00000000000005d4
Event: 0.126 Thread 0x0000021b6ebfd470 Uncommon trap: reason=class_check action=maybe_recompile pc=0x0000021b07adf9f4 method=java.util.HashMap.putVal(ILjava/lang/Object;Ljava/lang/Object;ZZ)Ljava/lang/Object; @ 152 c2
Event: 0.126 Thread 0x0000021b6ebfd470 DEOPT PACKING pc=0x0000021b07adf9f4 sp=0x000000468a4fe7c0
Event: 0.126 Thread 0x0000021b6ebfd470 DEOPT UNPACKING pc=0x0000021b07586da2 sp=0x000000468a4fe710 mode 2
Event: 0.126 Thread 0x0000021b6ebfd470 Uncommon trap: trap_request=0xffffffde fr.pc=0x0000021b07adf9f4 relative=0x00000000000005d4
Event: 0.126 Thread 0x0000021b6ebfd470 Uncommon trap: reason=class_check action=maybe_recompile pc=0x0000021b07adf9f4 method=java.util.HashMap.putVal(ILjava/lang/Object;Ljava/lang/Object;ZZ)Ljava/lang/Object; @ 152 c2
Event: 0.126 Thread 0x0000021b6ebfd470 DEOPT PACKING pc=0x0000021b07adf9f4 sp=0x000000468a4fe7c0
Event: 0.126 Thread 0x0000021b6ebfd470 DEOPT UNPACKING pc=0x0000021b07586da2 sp=0x000000468a4fe710 mode 2

Classes loaded (16 events):
Event: 0.085 Loading class jdk/internal/module/ModuleReferenceImpl$CachedHash
Event: 0.086 Loading class jdk/internal/module/ModuleReferenceImpl$CachedHash done
Event: 0.104 Loading class java/lang/WeakPairMap$Pair$Weak
Event: 0.104 Loading class java/lang/WeakPairMap$WeakRefPeer
Event: 0.104 Loading class java/lang/WeakPairMap$WeakRefPeer done
Event: 0.104 Loading class java/lang/WeakPairMap$Pair$Weak done
Event: 0.104 Loading class java/lang/WeakPairMap$Pair$Weak$1
Event: 0.105 Loading class java/lang/WeakPairMap$Pair$Weak$1 done
Event: 0.108 Loading class sun/instrument/InstrumentationImpl
Event: 0.109 Loading class java/lang/instrument/Instrumentation
Event: 0.109 Loading class java/lang/instrument/Instrumentation done
Event: 0.109 Loading class sun/instrument/InstrumentationImpl done
Event: 0.111 Loading class sun/instrument/TransformerManager
Event: 0.112 Loading class sun/instrument/TransformerManager done
Event: 0.112 Loading class sun/instrument/TransformerManager$TransformerInfo
Event: 0.112 Loading class sun/instrument/TransformerManager$TransformerInfo done

Classes unloaded (0 events):
No events

Classes redefined (0 events):
No events

Internal exceptions (1 events):
Event: 0.080 Thread 0x0000021b6ebfd470 Exception <a 'java/lang/NoSuchMethodError'{0x00000000d57a9318}: 'void java.lang.invoke.DirectMethodHandle$Holder.invokeStatic(java.lang.Object, java.lang.Object, java.lang.Object)'> (0x00000000d57a9318) 
thrown [s\src\hotspot\share\interpreter\linkResolver.cpp, line 773]

ZGC Phase Switch (0 events):
No events

VM Operations (2 events):
Event: 0.084 Executing VM operation: HandshakeAllThreads (Deoptimize)
Event: 0.084 Executing VM operation: HandshakeAllThreads (Deoptimize) done

Memory protections (0 events):
No events

Nmethod flushes (0 events):
No events

Events (10 events):
Event: 0.025 Thread 0x0000021b6ebfd470 Thread added: 0x0000021b6ebfd470
Event: 0.043 Thread 0x0000021b6ebfd470 Thread added: 0x0000021b6ecbac80
Event: 0.043 Thread 0x0000021b6ebfd470 Thread added: 0x0000021b6ecbd860
Event: 0.043 Thread 0x0000021b6ebfd470 Thread added: 0x0000021b76678fc0
Event: 0.044 Thread 0x0000021b6ebfd470 Thread added: 0x0000021b7667bed0
Event: 0.044 Thread 0x0000021b6ebfd470 Thread added: 0x0000021b76680740
Event: 0.044 Thread 0x0000021b6ebfd470 Thread added: 0x0000021b7667eaf0
Event: 0.044 Thread 0x0000021b6ebfd470 Thread added: 0x0000021b766880c0
Event: 0.044 Thread 0x0000021b6ebfd470 Thread added: 0x0000021b7668f580
Event: 0.113 Thread 0x0000021b6ebfd470 Thread added: 0x0000021b7c1ec4c0


Dynamic libraries:
0x00007ff639280000 - 0x00007ff63928e000 	c:\Users\kapil\.vscode\extensions\redhat.java-1.50.0-win32-x64\jre\21.0.9-win32-x86_64\bin\java.exe
0x00007ffea09e0000 - 0x00007ffea0c47000 	C:\WINDOWS\SYSTEM32\ntdll.dll
0x00007ffe9f130000 - 0x00007ffe9f1f9000 	C:\WINDOWS\System32\KERNEL32.DLL
0x00007ffe9dc10000 - 0x00007ffe9dfff000 	C:\WINDOWS\System32\KERNELBASE.dll
0x00007ffe9e1d0000 - 0x00007ffe9e31b000 	C:\WINDOWS\System32\ucrtbase.dll
0x00007ffe55050000 - 0x00007ffe55068000 	c:\Users\kapil\.vscode\extensions\redhat.java-1.50.0-win32-x64\jre\21.0.9-win32-x86_64\bin\jli.dll
0x00007ffe55d90000 - 0x00007ffe55dae000 	c:\Users\kapil\.vscode\extensions\redhat.java-1.50.0-win32-x64\jre\21.0.9-win32-x86_64\bin\VCRUNTIME140.dll
0x00007ffe9faf0000 - 0x00007ffe9fcb5000 	C:\WINDOWS\System32\USER32.dll
0x00007ffe7df40000 - 0x00007ffe7e1d3000 	C:\WINDOWS\WinSxS\amd64_microsoft.windows.common-controls_6595b64144ccf1df_6.0.26100.7309_none_3e05feeae336a044\COMCTL32.dll
0x00007ffe9dbe0000 - 0x00007ffe9dc07000 	C:\WINDOWS\System32\win32u.dll
0x00007ffe9e890000 - 0x00007ffe9e939000 	C:\WINDOWS\System32\msvcrt.dll
0x00007ffea08f0000 - 0x00007ffea091b000 	C:\WINDOWS\System32\GDI32.dll
0x00007ffe9e010000 - 0x00007ffe9e13c000 	C:\WINDOWS\System32\gdi32full.dll
0x00007ffe9db30000 - 0x00007ffe9dbd3000 	C:\WINDOWS\System32\msvcp_win.dll
0x00007ffea08b0000 - 0x00007ffea08e1000 	C:\WINDOWS\System32\IMM32.DLL
0x00007ffe55df0000 - 0x00007ffe55dfc000 	c:\Users\kapil\.vscode\extensions\redhat.java-1.50.0-win32-x64\jre\21.0.9-win32-x86_64\bin\vcruntime140_1.dll
0x00007ffddc810000 - 0x00007ffddc89d000 	c:\Users\kapil\.vscode\extensions\redhat.java-1.50.0-win32-x64\jre\21.0.9-win32-x86_64\bin\msvcp140.dll
0x00007ffda5a40000 - 0x00007ffda67e0000 	c:\Users\kapil\.vscode\extensions\redhat.java-1.50.0-win32-x64\jre\21.0.9-win32-x86_64\bin\server\jvm.dll
0x00007ffea0600000 - 0x00007ffea06b4000 	C:\WINDOWS\System32\ADVAPI32.dll
0x00007ffe9f080000 - 0x00007ffe9f126000 	C:\WINDOWS\System32\sechost.dll
0x00007ffe9f2c0000 - 0x00007ffe9f3d8000 	C:\WINDOWS\System32\RPCRT4.dll
0x00007ffea0820000 - 0x00007ffea0894000 	C:\WINDOWS\System32\WS2_32.dll
0x00007ffe9d9b0000 - 0x00007ffe9da0e000 	C:\WINDOWS\SYSTEM32\POWRPROF.dll
0x00007ffe92cc0000 - 0x00007ffe92cf5000 	C:\WINDOWS\SYSTEM32\WINMM.dll
0x00007ffe8d890000 - 0x00007ffe8d89b000 	C:\WINDOWS\SYSTEM32\VERSION.dll
0x00007ffe9d990000 - 0x00007ffe9d9a4000 	C:\WINDOWS\SYSTEM32\UMPDC.dll
0x00007ffe9c8c0000 - 0x00007ffe9c8db000 	C:\WINDOWS\SYSTEM32\kernel.appcore.dll
0x00007ffe4f330000 - 0x00007ffe4f33a000 	c:\Users\kapil\.vscode\extensions\redhat.java-1.50.0-win32-x64\jre\21.0.9-win32-x86_64\bin\jimage.dll
0x00007ffe9af80000 - 0x00007ffe9b1c2000 	C:\WINDOWS\SYSTEM32\DBGHELP.DLL
0x00007ffe9eaa0000 - 0x00007ffe9ee25000 	C:\WINDOWS\System32\combase.dll
0x00007ffe9ee30000 - 0x00007ffe9ef06000 	C:\WINDOWS\System32\OLEAUT32.dll
0x00007ffe7d4a0000 - 0x00007ffe7d4dc000 	C:\WINDOWS\SYSTEM32\dbgcore.DLL
0x00007ffe9e6d0000 - 0x00007ffe9e775000 	C:\WINDOWS\System32\bcryptPrimitives.dll
0x00007ffe55dc0000 - 0x00007ffe55dcf000 	c:\Users\kapil\.vscode\extensions\redhat.java-1.50.0-win32-x64\jre\21.0.9-win32-x86_64\bin\instrument.dll
0x00007ffddcc80000 - 0x00007ffddcca0000 	c:\Users\kapil\.vscode\extensions\redhat.java-1.50.0-win32-x64\jre\21.0.9-win32-x86_64\bin\java.dll
0x00007ffe9fcc0000 - 0x00007ffea0413000 	C:\WINDOWS\System32\SHELL32.dll
0x00007ffe9e560000 - 0x00007ffe9e6ca000 	C:\WINDOWS\System32\wintypes.dll
0x00007ffe9b6f0000 - 0x00007ffe9bf4e000 	C:\WINDOWS\SYSTEM32\windows.storage.dll
0x00007ffea06c0000 - 0x00007ffea07b5000 	C:\WINDOWS\System32\SHCORE.dll
0x00007ffea0920000 - 0x00007ffea0986000 	C:\WINDOWS\System32\shlwapi.dll
0x00007ffe9da50000 - 0x00007ffe9da79000 	C:\WINDOWS\SYSTEM32\profapi.dll
0x00007ffe55030000 - 0x00007ffe55048000 	c:\Users\kapil\.vscode\extensions\redhat.java-1.50.0-win32-x64\jre\21.0.9-win32-x86_64\bin\zip.dll
0x00007ffe55020000 - 0x00007ffe55030000 	C:\Users\kapil\.vscode\extensions\redhat.java-1.50.0-win32-x64\jre\21.0.9-win32-x86_64\bin\net.dll
0x00007ffe92ab0000 - 0x00007ffe92bd8000 	C:\WINDOWS\SYSTEM32\WINHTTP.dll
0x00007ffe9ce50000 - 0x00007ffe9cebb000 	C:\WINDOWS\system32\mswsock.dll
0x00007ffe55000000 - 0x00007ffe55016000 	C:\Users\kapil\.vscode\extensions\redhat.java-1.50.0-win32-x64\jre\21.0.9-win32-x86_64\bin\nio.dll

JVMTI agents:
c:\Users\kapil\.vscode\extensions\redhat.java-1.50.0-win32-x64\lombok\lombok-1.18.39-4050.jar path:c:\Users\kapil\.vscode\extensions\redhat.java-1.50.0-win32-x64\jre\21.0.9-win32-x86_64\bin\instrument.dll, loaded, initialized, instrumentlib options:none

dbghelp: loaded successfully - version: 4.0.5 - missing functions: none
symbol engine: initialized successfully - sym options: 0x614 - pdb path: .;c:\Users\kapil\.vscode\extensions\redhat.java-1.50.0-win32-x64\jre\21.0.9-win32-x86_64\bin;C:\WINDOWS\SYSTEM32;C:\WINDOWS\WinSxS\amd64_microsoft.windows.common-controls_6595b64144ccf1df_6.0.26100.7309_none_3e05feeae336a044;c:\Users\kapil\.vscode\extensions\redhat.java-1.50.0-win32-x64\jre\21.0.9-win32-x86_64\bin\server

VM Arguments:
jvm_args: --add-modules=ALL-SYSTEM --add-opens=java.base/java.util=ALL-UNNAMED --add-opens=java.base/java.lang=ALL-UNNAMED --add-opens=java.base/sun.nio.fs=ALL-UNNAMED -Declipse.application=org.eclipse.jdt.ls.core.id1 -Dosgi.bundles.defaultStartLevel=4 -Declipse.product=org.eclipse.jdt.ls.core.product -Djava.import.generatesMetadataFilesAtProjectRoot=false -DDetectVMInstallationsJob.disabled=true -Dfile.encoding=utf8 -XX:+UseParallelGC -XX:GCTimeRatio=4 -XX:AdaptiveSizePolicyWeight=90 -Dsun.zip.disableMemoryMapping=true -Xmx2G -Xms100m -Xlog:disable -javaagent:c:\Users\kapil\.vscode\extensions\redhat.java-1.50.0-win32-x64\lombok\lombok-1.18.39-4050.jar 
java_command: c:\Users\kapil\.vscode\extensions\redhat.java-1.50.0-win32-x64\server\plugins\org.eclipse.equinox.launcher_1.7.100.v20251111-0406.jar -configuration c:\Users\kapil\AppData\Roaming\Code\User\globalStorage\redhat.java\1.50.0\config_ss_win -data c:\Users\kapil\AppData\Roaming\Code\User\workspaceStorage\b88cca7d63a09b7ea88d1ccb400f27c1\redhat.java\ss_ws --pipe=\\.\pipe\lsp-1ab125fe7bbe39e39bb4fd5c6145f677-sock
java_class_path (initial): c:\Users\kapil\.vscode\extensions\redhat.java-1.50.0-win32-x64\server\plugins\org.eclipse.equinox.launcher_1.7.100.v20251111-0406.jar
Launcher Type: SUN_STANDARD

[Global flags]
    uintx AdaptiveSizePolicyWeight                 = 90                                        {product} {command line}
     intx CICompilerCount                          = 4                                         {product} {ergonomic}
    uintx GCTimeRatio                              = 4                                         {product} {command line}
   size_t InitialHeapSize                          = 104857600                                 {product} {command line}
   size_t MaxHeapSize                              = 2147483648                                {product} {command line}
   size_t MaxNewSize                               = 715653120                                 {product} {ergonomic}
   size_t MinHeapDeltaBytes                        = 524288                                    {product} {ergonomic}
   size_t MinHeapSize                              = 104857600                                 {product} {command line}
   size_t NewSize                                  = 34603008                                  {product} {ergonomic}
    uintx NonNMethodCodeHeapSize                   = 5839372                                {pd product} {ergonomic}
    uintx NonProfiledCodeHeapSize                  = 122909434                              {pd product} {ergonomic}
   size_t OldSize                                  = 70254592                                  {product} {ergonomic}
    uintx ProfiledCodeHeapSize                     = 122909434                              {pd product} {ergonomic}
    uintx ReservedCodeCacheSize                    = 251658240                              {pd product} {ergonomic}
     bool SegmentedCodeCache                       = true                                      {product} {ergonomic}
   size_t SoftMaxHeapSize                          = 2147483648                             {manageable} {ergonomic}
     bool UseCompressedOops                        = true                           {product lp64_product} {ergonomic}
     bool UseLargePagesIndividualAllocation        = false                                  {pd product} {ergonomic}
     bool UseParallelGC                            = true                                      {product} {command line}

Logging:
Log output configuration:
 #0: stdout all=off uptime,level,tags foldmultilines=false
 #1: stderr all=off uptime,level,tags foldmultilines=false

Release file:
<release file has not been read>
Environment Variables:
JAVA_HOME=C:\Program Files\Java\jdk-21
PATH=D:\oracle\dbhomeXE\bin;D:\sqlplus\dbhomeXE\bin;C:\Program Files\Common Files\Oracle\Java\javapath;C:\WINDOWS\system32;C:\WINDOWS;C:\WINDOWS\System32\Wbem;C:\WINDOWS\System32\WindowsPowerShell\v1.0\;C:\WINDOWS\System32\OpenSSH\;C:\Program Files\Java\jdk-19\bin;C:\Program Files\Microsoft SQL Server\Client SDK\ODBC\170\Tools\Binn\;C:\Program Files (x86)\Microsoft SQL Server\150\Tools\Binn\;C:\Program Files\Microsoft SQL Server\150\Tools\Binn\;C:\Program Files\Microsoft SQL Server\150\DTS\Binn\;C:\Program Files\Java\jdk-21\bin;C:\Program Files\Apache\apache-maven-3.9.9\bin;C:\composer;C:\Program Files\Git\cmd;C:\Program Files\nodejs\;C:\Users\kapil\AppData\Local\Programs\Python\Python313;C:\Users\kapil\AppData\Local\Programs\Python\Python313\Scripts;C:\Program Files\Microsoft SQL Server\170\Tools\Binn\;C:\Program Files\dotnet\;C:\Users\kapil\AppData\Local\Microsoft\WindowsApps;C:\C:\xampp\phpUsers\kapil\AppData\Local\Programs\Microsoft VS Code\bin;C:\Program Files\Azure Data Studio\bin;C:\Users\kapil\AppData\Local\Programs\Microsoft VS Code\bin;C:\Users\kapil\AppData\Local\GitHubDesktop\bin;D:\intellij idea\IntelliJ IDEA Community Edition 2024.3\bin;;C:\xampp\php;C:\Users\kapil\AppData\Roaming\npm;C:\Users\kapil\.dotnet\tools;C:\Users\kapil\AppData\Roaming\Composer\vendor\bin;C:\Users\kapil\AppData\Local\Python\bin
USERNAME=kapil
OS=Windows_NT
PROCESSOR_IDENTIFIER=Intel64 Family 6 Model 140 Stepping 2, GenuineIntel
TMP=C:\Users\kapil\AppData\Local\Temp
TEMP=C:\Users\kapil\AppData\Local\Temp




Periodic native trim disabled

---------------  S Y S T E M  ---------------

OS:
 Windows 11 , 64 bit Build 26100 (10.0.26100.7309)
OS uptime: 0 days 2:44 hours
Hyper-V role detected

CPU: total 8 (initial active 8) (4 cores per cpu, 2 threads per core) family 6 model 140 stepping 2 microcode 0x2c, cx8, cmov, fxsr, ht, mmx, 3dnowpref, sse, sse2, sse3, ssse3, sse4.1, sse4.2, popcnt, lzcnt, tsc, tscinvbit, avx, avx2, aes, erms, clmul, bmi1, bmi2, adx, avx512f, avx512dq, avx512cd, avx512bw, avx512vl, sha, fma, vzeroupper, avx512_vpopcntdq, avx512_vpclmulqdq, avx512_vaes, avx512_vnni, clflush, clflushopt, clwb, avx512_vbmi2, avx512_vbmi, hv, rdtscp, rdpid, fsrm, gfni, avx512_bitalg, f16c, cet_ibt, cet_ss, avx512_ifma
Processor Information for processor 0
  Max Mhz: 2918, Current Mhz: 1207, Mhz Limit: 2918
Processor Information for processor 1
  Max Mhz: 2918, Current Mhz: 2918, Mhz Limit: 2918
Processor Information for processor 2
  Max Mhz: 2918, Current Mhz: 2918, Mhz Limit: 2918
Processor Information for processor 3
  Max Mhz: 2918, Current Mhz: 2918, Mhz Limit: 2918
Processor Information for processor 4
  Max Mhz: 2918, Current Mhz: 2918, Mhz Limit: 2918
Processor Information for processor 5
  Max Mhz: 2918, Current Mhz: 2918, Mhz Limit: 2918
Processor Information for processor 6
  Max Mhz: 2918, Current Mhz: 2918, Mhz Limit: 2918
Processor Information for processor 7
  Max Mhz: 2918, Current Mhz: 2918, Mhz Limit: 2918

Memory: 4k page, system-wide physical 7941M (718M free)
TotalPageFile size 25132M (AvailPageFile size 78M)
current process WorkingSet (physical memory assigned to process): 38M, peak: 38M
current process commit charge ("private bytes"): 222M, peak: 222M

vm_info: OpenJDK 64-Bit Server VM (21.0.9+10-LTS) for windows-amd64 JRE (21.0.9+10-LTS), built on 2025-10-21T00:00:00Z by "admin" with unknown MS VC++:1942

END.
