#
# There is insufficient memory for the Java Runtime Environment to continue.
# Native memory allocation (malloc) failed to allocate 32744 bytes. Error detail: Chunk::new
# Possible reasons:
#   The system is out of physical RAM or swap space
#   This process is running with CompressedOops enabled, and the Java Heap may be blocking the growth of the native heap
# Possible solutions:
#   Reduce memory load on the system
#   Increase physical memory or swap space
#   Check if swap backing store is full
#   Decrease Java heap size (-Xmx/-Xms)
#   Decrease number of Java threads
#   Decrease Java thread stack sizes (-Xss)
#   Set larger code cache with -XX:ReservedCodeCacheSize=
#   JVM is running with Unscaled Compressed Oops mode in which the Java heap is
#     placed in the first 4GB address space. The Java Heap base address is the
#     maximum limit for the native heap growth. Please use -XX:HeapBaseMinAddress
#     to set the Java Heap base and to place the Java Heap above 4GB virtual address.
# This output file may be truncated or incomplete.
#
#  Out of Memory Error (arena.cpp:168), pid=16732, tid=12576
#
# JRE version: OpenJDK Runtime Environment Temurin-21.0.9+10 (21.0.9+10) (build 21.0.9+10-LTS)
# Java VM: OpenJDK 64-Bit Server VM Temurin-21.0.9+10 (21.0.9+10-LTS, mixed mode, sharing, tiered, compressed oops, compressed class ptrs, parallel gc, windows-amd64)
# No core dump will be written. Minidumps are not enabled by default on client versions of Windows
#

---------------  S U M M A R Y ------------

Command Line: --add-modules=ALL-SYSTEM --add-opens=java.base/java.util=ALL-UNNAMED --add-opens=java.base/java.lang=ALL-UNNAMED --add-opens=java.base/sun.nio.fs=ALL-UNNAMED -Declipse.application=org.eclipse.jdt.ls.core.id1 -Dosgi.bundles.defaultStartLevel=4 -Declipse.product=org.eclipse.jdt.ls.core.product -Djava.import.generatesMetadataFilesAtProjectRoot=false -DDetectVMInstallationsJob.disabled=true -Dfile.encoding=utf8 -XX:+UseParallelGC -XX:GCTimeRatio=4 -XX:AdaptiveSizePolicyWeight=90 -Dsun.zip.disableMemoryMapping=true -Xmx2G -Xms100m -Xlog:disable -javaagent:c:\Users\kapil\.vscode\extensions\redhat.java-1.50.0-win32-x64\lombok\lombok-1.18.39-4050.jar c:\Users\kapil\.vscode\extensions\redhat.java-1.50.0-win32-x64\server\plugins\org.eclipse.equinox.launcher_1.7.100.v20251111-0406.jar -configuration c:\Users\kapil\AppData\Roaming\Code\User\globalStorage\redhat.java\1.50.0\config_ss_win -data c:\Users\kapil\AppData\Roaming\Code\User\workspaceStorage\b88cca7d63a09b7ea88d1ccb400f27c1\redhat.java\ss_ws --pipe=\\.\pipe\lsp-335fb31984f1661c032b9e405798a010-sock

Host: 11th Gen Intel(R) Core(TM) i7-1195G7 @ 2.90GHz, 8 cores, 7G,  Windows 11 , 64 bit Build 26100 (10.0.26100.7309)
Time: Sun Jan  4 17:08:19 2026 Sri Lanka Standard Time elapsed time: 5.498622 seconds (0d 0h 0m 5s)

---------------  T H R E A D  ---------------

Current thread (0x00000204f5ae26a0):  JavaThread "C1 CompilerThread0" daemon [_thread_in_native, id=12576, stack(0x0000009e0db00000,0x0000009e0dc00000) (1024K)]


Current CompileTask:
C1:5498 2510       3       jdk.internal.org.objectweb.asm.ClassVisitor::<init> (78 bytes)

Stack: [0x0000009e0db00000,0x0000009e0dc00000]
Native frames: (J=compiled Java code, j=interpreted, Vv=VM code, C=native code)
V  [jvm.dll+0x6d6e29]
V  [jvm.dll+0x8b4b76]
V  [jvm.dll+0x8b712e]
V  [jvm.dll+0x8b7813]
V  [jvm.dll+0x283d86]
V  [jvm.dll+0xc66ed]
V  [jvm.dll+0xc6c31]
V  [jvm.dll+0xd26cd]
V  [jvm.dll+0x18d148]
V  [jvm.dll+0x18db5a]
V  [jvm.dll+0x1948c9]
V  [jvm.dll+0x1803de]
V  [jvm.dll+0x16e500]
V  [jvm.dll+0x1572e7]
V  [jvm.dll+0x156c17]
V  [jvm.dll+0x156e44]
V  [jvm.dll+0x15625c]
V  [jvm.dll+0x157fed]
V  [jvm.dll+0x25b29d]
V  [jvm.dll+0x25982a]
V  [jvm.dll+0x3f7ea6]
V  [jvm.dll+0x85e9ad]
V  [jvm.dll+0x6d565d]
C  [ucrtbase.dll+0x37b0]
C  [KERNEL32.DLL+0x2e8d7]
C  [ntdll.dll+0x8c53c]


---------------  P R O C E S S  ---------------

Threads class SMR info:
_java_thread_list=0x00000204ff20a5e0, length=17, elements={
0x00000204f5b54530, 0x00000204f5c0a940, 0x00000204f5c0c250, 0x00000204f5ac4fe0,
0x00000204f5ac7cc0, 0x00000204f5acbbe0, 0x00000204f5acdaf0, 0x00000204f5ad3180,
0x00000204f5ae26a0, 0x00000204fef85480, 0x00000204ff29ffd0, 0x00000204ff018d60,
0x00000204d41908a0, 0x00000204d4190f00, 0x00000204d4204120, 0x00000204d40c7fe0,
0x00000204d4330ab0
}
_to_delete_list=0x00000204ff20a5e0
Skipping _to_delete_list fields and contents for safety.
The _java_thread_list has changed from 0x00000204ff20a5e0 to 0x00000204ff20c2f0 so some of the above information may be stale.

Java Threads: ( => current thread )
  0x00000204f5b54530 JavaThread "main"                              [_thread_blocked, id=8048, stack(0x0000009e0d000000,0x0000009e0d100000) (1024K)]
  0x00000204f5c0a940 JavaThread "Reference Handler"          daemon [_thread_blocked, id=17948, stack(0x0000009e0d400000,0x0000009e0d500000) (1024K)]
  0x00000204f5c0c250 JavaThread "Finalizer"                  daemon [_thread_blocked, id=6952, stack(0x0000009e0d500000,0x0000009e0d600000) (1024K)]
  0x00000204f5ac4fe0 JavaThread "Signal Dispatcher"          daemon [_thread_blocked, id=7476, stack(0x0000009e0d600000,0x0000009e0d700000) (1024K)]
  0x00000204f5ac7cc0 JavaThread "Attach Listener"            daemon [_thread_blocked, id=2824, stack(0x0000009e0d700000,0x0000009e0d800000) (1024K)]
  0x00000204f5acbbe0 JavaThread "Service Thread"             daemon [_thread_blocked, id=4384, stack(0x0000009e0d800000,0x0000009e0d900000) (1024K)]
  0x00000204f5acdaf0 JavaThread "Monitor Deflation Thread"   daemon [_thread_blocked, id=18676, stack(0x0000009e0d900000,0x0000009e0da00000) (1024K)]
  0x00000204f5ad3180 JavaThread "C2 CompilerThread0"         daemon [_thread_in_native, id=16376, stack(0x0000009e0da00000,0x0000009e0db00000) (1024K)]
=>0x00000204f5ae26a0 JavaThread "C1 CompilerThread0"         daemon [_thread_in_native, id=12576, stack(0x0000009e0db00000,0x0000009e0dc00000) (1024K)]
  0x00000204fef85480 JavaThread "Common-Cleaner"             daemon [_thread_blocked, id=18084, stack(0x0000009e0dc00000,0x0000009e0dd00000) (1024K)]
  0x00000204ff29ffd0 JavaThread "Notification Thread"        daemon [_thread_blocked, id=15572, stack(0x0000009e0de00000,0x0000009e0df00000) (1024K)]
  0x00000204ff018d60 JavaThread "Active Thread: Equinox Container: 5130fc4a-73ec-4d95-86a1-0470f9130869"        [_thread_blocked, id=7296, stack(0x0000009e0dd00000,0x0000009e0de00000) (1024K)]
  0x00000204d41908a0 JavaThread "Framework Event Dispatcher: Equinox Container: 5130fc4a-73ec-4d95-86a1-0470f9130869" daemon [_thread_blocked, id=5228, stack(0x0000009e0e600000,0x0000009e0e700000) (1024K)]
  0x00000204d4190f00 JavaThread "Start Level: Equinox Container: 5130fc4a-73ec-4d95-86a1-0470f9130869" daemon [_thread_in_native, id=15732, stack(0x0000009e0e700000,0x0000009e0e800000) (1024K)]
  0x00000204d4204120 JavaThread "SCR Component Actor"        daemon [_thread_blocked, id=3064, stack(0x0000009e0e500000,0x0000009e0e600000) (1024K)]
  0x00000204d40c7fe0 JavaThread "Worker-JM"                         [_thread_blocked, id=14484, stack(0x0000009e0ea00000,0x0000009e0eb00000) (1024K)]
  0x00000204d4330ab0 JavaThread "JNA Cleaner"                daemon [_thread_blocked, id=10004, stack(0x0000009e0e900000,0x0000009e0ea00000) (1024K)]
  0x00000204ff2da870 JavaThread "Worker-0"                          [_thread_new, id=756, stack(0x0000000000000000,0x0000000000000000) (0B)]
Total: 18

Other Threads:
  0x00000204f5bef860 VMThread "VM Thread"                           [id=18264, stack(0x0000009e0d300000,0x0000009e0d400000) (1024K)]
  0x00000204f5bbe3d0 WatcherThread "VM Periodic Task Thread"        [id=16452, stack(0x0000009e0d200000,0x0000009e0d300000) (1024K)]
  0x00000204f5b72aa0 WorkerThread "GC Thread#0"                     [id=3480, stack(0x0000009e0d100000,0x0000009e0d200000) (1024K)]
  0x00000204ff2c02a0 WorkerThread "GC Thread#1"                     [id=9052, stack(0x0000009e0df00000,0x0000009e0e000000) (1024K)]
  0x00000204ff2beae0 WorkerThread "GC Thread#2"                     [id=15072, stack(0x0000009e0e000000,0x0000009e0e100000) (1024K)]
  0x00000204ff2bee80 WorkerThread "GC Thread#3"                     [id=14876, stack(0x0000009e0e100000,0x0000009e0e200000) (1024K)]
  0x00000204ff2bf220 WorkerThread "GC Thread#4"                     [id=14684, stack(0x0000009e0e200000,0x0000009e0e300000) (1024K)]
  0x00000204ff2bf5c0 WorkerThread "GC Thread#5"                     [id=14236, stack(0x0000009e0e300000,0x0000009e0e400000) (1024K)]
  0x00000204ff2bf960 WorkerThread "GC Thread#6"                     [id=5544, stack(0x0000009e0e400000,0x0000009e0e500000) (1024K)]
  0x00000204d4041e80 WorkerThread "GC Thread#7"                     [id=12536, stack(0x0000009e0e800000,0x0000009e0e900000) (1024K)]
Total: 10

Threads with active compile tasks:
C2 CompilerThread0  5540 2505   !   4       java.util.concurrent.ConcurrentHashMap::transfer (849 bytes)
C1 CompilerThread0  5540 2510       3       jdk.internal.org.objectweb.asm.ClassVisitor::<init> (78 bytes)
Total: 2

VM state: not at safepoint (normal execution)

VM Mutex/Monitor currently owned by a thread: None

Heap address: 0x0000000080000000, size: 2048 MB, Compressed Oops mode: 32-bit

CDS archive(s) mapped at: [0x000002048f000000-0x000002048fba0000-0x000002048fba0000), size 12189696, SharedBaseAddress: 0x000002048f000000, ArchiveRelocationMode: 1.
Compressed class space mapped at: 0x0000020490000000-0x00000204d0000000, reserved size: 1073741824
Narrow klass base: 0x000002048f000000, Narrow klass shift: 0, Narrow klass range: 0x100000000

GC Precious Log:
 CardTable entry size: 512
 CPUs: 8 total, 8 available
 Memory: 7941M
 Large Page Support: Disabled
 NUMA Support: Disabled
 Compressed Oops: Enabled (32-bit)
 Alignments: Space 512K, Generation 512K, Heap 2M
 Heap Min Capacity: 100M
 Heap Initial Capacity: 100M
 Heap Max Capacity: 2G
 Pre-touch: Disabled
 Parallel Workers: 8

Heap:
 PSYoungGen      total 29696K, used 20391K [0x00000000d5580000, 0x00000000d7680000, 0x0000000100000000)
  eden space 25600K, 63% used [0x00000000d5580000,0x00000000d656c198,0x00000000d6e80000)
  from space 4096K, 99% used [0x00000000d6e80000,0x00000000d727dab0,0x00000000d7280000)
  to   space 4096K, 0% used [0x00000000d7280000,0x00000000d7280000,0x00000000d7680000)
 ParOldGen       total 68608K, used 2838K [0x0000000080000000, 0x0000000084300000, 0x00000000d5580000)
  object space 68608K, 4% used [0x0000000080000000,0x00000000802c5bb8,0x0000000084300000)
 Metaspace       used 15578K, committed 16192K, reserved 1114112K
  class space    used 1663K, committed 1920K, reserved 1048576K

Card table byte_map: [0x00000204f54f0000,0x00000204f5900000] _byte_map_base: 0x00000204f50f0000

Marking Bits: (ParMarkBitMap*) 0x00007fff084a2460
 Begin Bits: [0x00000204f9000000, 0x00000204fb000000)
 End Bits:   [0x00000204fb000000, 0x00000204fd000000)

Polling page: 0x00000204f3920000

Metaspace:

Usage:
  Non-class:     13.59 MB used.
      Class:      1.62 MB used.
       Both:     15.21 MB used.

Virtual space:
  Non-class space:       64.00 MB reserved,      13.94 MB ( 22%) committed,  1 nodes.
      Class space:        1.00 GB reserved,       1.88 MB ( <1%) committed,  1 nodes.
             Both:        1.06 GB reserved,      15.81 MB (  1%) committed. 

Chunk freelists:
   Non-Class:  1.57 MB
       Class:  13.94 MB
        Both:  15.51 MB

MaxMetaspaceSize: unlimited
CompressedClassSpaceSize: 1.00 GB
Initial GC threshold: 21.00 MB
Current GC threshold: 21.00 MB
CDS: on
 - commit_granule_bytes: 65536.
 - commit_granule_words: 8192.
 - virtual_space_node_default_size: 8388608.
 - enlarge_chunks_in_place: 1.
 - use_allocation_guard: 0.


Internal statistics:

num_allocs_failed_limit: 0.
num_arena_births: 468.
num_arena_deaths: 0.
num_vsnodes_births: 2.
num_vsnodes_deaths: 0.
num_space_committed: 254.
num_space_uncommitted: 0.
num_chunks_returned_to_freelist: 0.
num_chunks_taken_from_freelist: 1031.
num_chunk_merges: 0.
num_chunk_splits: 647.
num_chunks_enlarged: 411.
num_inconsistent_stats: 0.

CodeHeap 'non-profiled nmethods': size=120000Kb used=1049Kb max_used=1049Kb free=118950Kb
 bounds [0x0000020487ad0000, 0x0000020487d40000, 0x000002048f000000]
CodeHeap 'profiled nmethods': size=120000Kb used=4901Kb max_used=4901Kb free=115098Kb
 bounds [0x0000020480000000, 0x00000204804d0000, 0x0000020487530000]
CodeHeap 'non-nmethods': size=5760Kb used=1279Kb max_used=1295Kb free=4480Kb
 bounds [0x0000020487530000, 0x00000204877a0000, 0x0000020487ad0000]
CodeCache: size=245760Kb, used=7229Kb, max_used=7245Kb, free=238528Kb
 total_blobs=3056, nmethods=2512, adapters=450, full_count=0
Compilation: enabled, stopped_count=0, restarted_count=0

Compilation events (20 events):
Event: 5.466 Thread 0x00000204f5ae26a0 nmethod 2499 0x00000204804c4590 code [0x00000204804c47a0, 0x00000204804c4cc8]
Event: 5.466 Thread 0x00000204f5ad3180 nmethod 2498 0x0000020487bd4d90 code [0x0000020487bd4f20, 0x0000020487bd4fc8]
Event: 5.467 Thread 0x00000204f5ae26a0 2500       3       java.lang.invoke.DirectMethodHandle::checkCast (9 bytes)
Event: 5.467 Thread 0x00000204f5ae26a0 nmethod 2500 0x00000204804c4f10 code [0x00000204804c50c0, 0x00000204804c5368]
Event: 5.489 Thread 0x00000204f5ae26a0 2501       3       java.util.LinkedList$Node::<init> (20 bytes)
Event: 5.489 Thread 0x00000204f5ae26a0 nmethod 2501 0x00000204804c5490 code [0x00000204804c5640, 0x00000204804c57e8]
Event: 5.490 Thread 0x00000204f5ae26a0 2502       3       java.lang.invoke.MethodTypeForm::<init> (322 bytes)
Event: 5.492 Thread 0x00000204f5ae26a0 nmethod 2502 0x00000204804c5890 code [0x00000204804c5b80, 0x00000204804c6ff8]
Event: 5.492 Thread 0x00000204f5ae26a0 2503       3       java.lang.Short::<init> (10 bytes)
Event: 5.492 Thread 0x00000204f5ae26a0 nmethod 2503 0x00000204804c7610 code [0x00000204804c77c0, 0x00000204804c7988]
Event: 5.493 Thread 0x00000204f5ae26a0 2504       3       java.util.concurrent.locks.ReentrantReadWriteLock$ReadLock::lock (9 bytes)
Event: 5.493 Thread 0x00000204f5ae26a0 nmethod 2504 0x00000204804c7a90 code [0x00000204804c7c40, 0x00000204804c7d88]
Event: 5.494 Thread 0x00000204f5ad3180 2505   !   4       java.util.concurrent.ConcurrentHashMap::transfer (849 bytes)
Event: 5.495 Thread 0x00000204f5ae26a0 2507       3       java.lang.reflect.Field::set (43 bytes)
Event: 5.495 Thread 0x00000204f5ae26a0 nmethod 2507 0x00000204804c7e90 code [0x00000204804c80c0, 0x00000204804c8628]
Event: 5.495 Thread 0x00000204f5ae26a0 2509       3       jdk.internal.reflect.MethodHandleFieldAccessorImpl::isReadOnly (16 bytes)
Event: 5.496 Thread 0x00000204f5ae26a0 nmethod 2509 0x00000204804c8810 code [0x00000204804c89a0, 0x00000204804c8b08]
Event: 5.496 Thread 0x00000204f5ae26a0 2508       3       jdk.internal.reflect.MethodHandleFieldAccessorImpl::ensureObj (30 bytes)
Event: 5.496 Thread 0x00000204f5ae26a0 nmethod 2508 0x00000204804c8b90 code [0x00000204804c8da0, 0x00000204804c9370]
Event: 5.496 Thread 0x00000204f5ae26a0 2510       3       jdk.internal.org.objectweb.asm.ClassVisitor::<init> (78 bytes)

GC Heap History (6 events):
Event: 1.129 GC heap before
{Heap before GC invocations=1 (full 0):
 PSYoungGen      total 29696K, used 25600K [0x00000000d5580000, 0x00000000d7680000, 0x0000000100000000)
  eden space 25600K, 100% used [0x00000000d5580000,0x00000000d6e80000,0x00000000d6e80000)
  from space 4096K, 0% used [0x00000000d7280000,0x00000000d7280000,0x00000000d7680000)
  to   space 4096K, 0% used [0x00000000d6e80000,0x00000000d6e80000,0x00000000d7280000)
 ParOldGen       total 68608K, used 0K [0x0000000080000000, 0x0000000084300000, 0x00000000d5580000)
  object space 68608K, 0% used [0x0000000080000000,0x0000000080000000,0x0000000084300000)
 Metaspace       used 4342K, committed 4544K, reserved 1114112K
  class space    used 473K, committed 576K, reserved 1048576K
}
Event: 1.138 GC heap after
{Heap after GC invocations=1 (full 0):
 PSYoungGen      total 29696K, used 3287K [0x00000000d5580000, 0x00000000d7680000, 0x0000000100000000)
  eden space 25600K, 0% used [0x00000000d5580000,0x00000000d5580000,0x00000000d6e80000)
  from space 4096K, 80% used [0x00000000d6e80000,0x00000000d71b5ea8,0x00000000d7280000)
  to   space 4096K, 0% used [0x00000000d7280000,0x00000000d7280000,0x00000000d7680000)
 ParOldGen       total 68608K, used 16K [0x0000000080000000, 0x0000000084300000, 0x00000000d5580000)
  object space 68608K, 0% used [0x0000000080000000,0x0000000080004000,0x0000000084300000)
 Metaspace       used 4342K, committed 4544K, reserved 1114112K
  class space    used 473K, committed 576K, reserved 1048576K
}
Event: 2.519 GC heap before
{Heap before GC invocations=2 (full 0):
 PSYoungGen      total 29696K, used 28887K [0x00000000d5580000, 0x00000000d7680000, 0x0000000100000000)
  eden space 25600K, 100% used [0x00000000d5580000,0x00000000d6e80000,0x00000000d6e80000)
  from space 4096K, 80% used [0x00000000d6e80000,0x00000000d71b5ea8,0x00000000d7280000)
  to   space 4096K, 0% used [0x00000000d7280000,0x00000000d7280000,0x00000000d7680000)
 ParOldGen       total 68608K, used 16K [0x0000000080000000, 0x0000000084300000, 0x00000000d5580000)
  object space 68608K, 0% used [0x0000000080000000,0x0000000080004000,0x0000000084300000)
 Metaspace       used 8304K, committed 8576K, reserved 1114112K
  class space    used 883K, committed 1024K, reserved 1048576K
}
Event: 2.525 GC heap after
{Heap after GC invocations=2 (full 0):
 PSYoungGen      total 29696K, used 4075K [0x00000000d5580000, 0x00000000d7680000, 0x0000000100000000)
  eden space 25600K, 0% used [0x00000000d5580000,0x00000000d5580000,0x00000000d6e80000)
  from space 4096K, 99% used [0x00000000d7280000,0x00000000d767aff8,0x00000000d7680000)
  to   space 4096K, 0% used [0x00000000d6e80000,0x00000000d6e80000,0x00000000d7280000)
 ParOldGen       total 68608K, used 913K [0x0000000080000000, 0x0000000084300000, 0x00000000d5580000)
  object space 68608K, 1% used [0x0000000080000000,0x00000000800e46a8,0x0000000084300000)
 Metaspace       used 8304K, committed 8576K, reserved 1114112K
  class space    used 883K, committed 1024K, reserved 1048576K
}
Event: 3.704 GC heap before
{Heap before GC invocations=3 (full 0):
 PSYoungGen      total 29696K, used 29675K [0x00000000d5580000, 0x00000000d7680000, 0x0000000100000000)
  eden space 25600K, 99% used [0x00000000d5580000,0x00000000d6e7ffa8,0x00000000d6e80000)
  from space 4096K, 99% used [0x00000000d7280000,0x00000000d767aff8,0x00000000d7680000)
  to   space 4096K, 0% used [0x00000000d6e80000,0x00000000d6e80000,0x00000000d7280000)
 ParOldGen       total 68608K, used 913K [0x0000000080000000, 0x0000000084300000, 0x00000000d5580000)
  object space 68608K, 1% used [0x0000000080000000,0x00000000800e46a8,0x0000000084300000)
 Metaspace       used 13085K, committed 13696K, reserved 1114112K
  class space    used 1387K, committed 1664K, reserved 1048576K
}
Event: 3.710 GC heap after
{Heap after GC invocations=3 (full 0):
 PSYoungGen      total 29696K, used 4086K [0x00000000d5580000, 0x00000000d7680000, 0x0000000100000000)
  eden space 25600K, 0% used [0x00000000d5580000,0x00000000d5580000,0x00000000d6e80000)
  from space 4096K, 99% used [0x00000000d6e80000,0x00000000d727dab0,0x00000000d7280000)
  to   space 4096K, 0% used [0x00000000d7280000,0x00000000d7280000,0x00000000d7680000)
 ParOldGen       total 68608K, used 2838K [0x0000000080000000, 0x0000000084300000, 0x00000000d5580000)
  object space 68608K, 4% used [0x0000000080000000,0x00000000802c5bb8,0x0000000084300000)
 Metaspace       used 13085K, committed 13696K, reserved 1114112K
  class space    used 1387K, committed 1664K, reserved 1048576K
}

Dll operation events (10 events):
Event: 0.017 Loaded shared library c:\Users\kapil\.vscode\extensions\redhat.java-1.50.0-win32-x64\jre\21.0.9-win32-x86_64\bin\java.dll
Event: 0.111 Loaded shared library c:\Users\kapil\.vscode\extensions\redhat.java-1.50.0-win32-x64\jre\21.0.9-win32-x86_64\bin\zip.dll
Event: 0.139 Loaded shared library C:\Users\kapil\.vscode\extensions\redhat.java-1.50.0-win32-x64\jre\21.0.9-win32-x86_64\bin\instrument.dll
Event: 0.144 Loaded shared library C:\Users\kapil\.vscode\extensions\redhat.java-1.50.0-win32-x64\jre\21.0.9-win32-x86_64\bin\net.dll
Event: 0.147 Loaded shared library C:\Users\kapil\.vscode\extensions\redhat.java-1.50.0-win32-x64\jre\21.0.9-win32-x86_64\bin\nio.dll
Event: 0.152 Loaded shared library C:\Users\kapil\.vscode\extensions\redhat.java-1.50.0-win32-x64\jre\21.0.9-win32-x86_64\bin\zip.dll
Event: 0.176 Loaded shared library C:\Users\kapil\.vscode\extensions\redhat.java-1.50.0-win32-x64\jre\21.0.9-win32-x86_64\bin\jimage.dll
Event: 0.268 Loaded shared library c:\Users\kapil\.vscode\extensions\redhat.java-1.50.0-win32-x64\jre\21.0.9-win32-x86_64\bin\verify.dll
Event: 2.391 Loaded shared library C:\Users\kapil\AppData\Roaming\Code\User\globalStorage\redhat.java\1.50.0\config_ss_win\org.eclipse.equinox.launcher\org.eclipse.equinox.launcher.win32.win32.x86_64_1.2.1400.v20250801-0854\eclipse_11916.dll
Event: 5.431 Loaded shared library C:\Users\kapil\AppData\Local\Temp\jna-101817469\jna16922651652770151508.dll

Deoptimization events (20 events):
Event: 4.186 Thread 0x00000204d4190f00 DEOPT PACKING pc=0x0000020487b884ec sp=0x0000009e0e7f9050
Event: 4.187 Thread 0x00000204d4190f00 DEOPT UNPACKING pc=0x0000020487586da2 sp=0x0000009e0e7f8fd8 mode 2
Event: 4.243 Thread 0x00000204d4190f00 Uncommon trap: trap_request=0xffffff45 fr.pc=0x0000020487b9cd50 relative=0x0000000000000890
Event: 4.243 Thread 0x00000204d4190f00 Uncommon trap: reason=unstable_if action=reinterpret pc=0x0000020487b9cd50 method=java.io.BufferedInputStream.implRead([BII)I @ 55 c2
Event: 4.243 Thread 0x00000204d4190f00 DEOPT PACKING pc=0x0000020487b9cd50 sp=0x0000009e0e7f8f70
Event: 4.243 Thread 0x00000204d4190f00 DEOPT UNPACKING pc=0x0000020487586da2 sp=0x0000009e0e7f8ed8 mode 2
Event: 4.313 Thread 0x00000204d4190f00 Uncommon trap: trap_request=0xffffff45 fr.pc=0x0000020487bc9698 relative=0x0000000000000fb8
Event: 4.313 Thread 0x00000204d4190f00 Uncommon trap: reason=unstable_if action=reinterpret pc=0x0000020487bc9698 method=java.util.Properties$LineReader.readLine()I @ 256 c2
Event: 4.313 Thread 0x00000204d4190f00 DEOPT PACKING pc=0x0000020487bc9698 sp=0x0000009e0e7f71d0
Event: 4.313 Thread 0x00000204d4190f00 DEOPT UNPACKING pc=0x0000020487586da2 sp=0x0000009e0e7f7168 mode 2
Event: 4.337 Thread 0x00000204d4190f00 Uncommon trap: trap_request=0xffffff45 fr.pc=0x0000020487b08130 relative=0x0000000000000690
Event: 4.337 Thread 0x00000204d4190f00 Uncommon trap: reason=unstable_if action=reinterpret pc=0x0000020487b08130 method=java.lang.String.replace(Ljava/lang/CharSequence;Ljava/lang/CharSequence;)Ljava/lang/String; @ 42 c2
Event: 4.337 Thread 0x00000204d4190f00 DEOPT PACKING pc=0x0000020487b08130 sp=0x0000009e0e7f77c0
Event: 4.337 Thread 0x00000204d4190f00 DEOPT UNPACKING pc=0x0000020487586da2 sp=0x0000009e0e7f7740 mode 2
Event: 4.425 Thread 0x00000204d4190f00 DEOPT PACKING pc=0x00000204804ad939 sp=0x0000009e0e7f61f0
Event: 4.425 Thread 0x00000204d4190f00 DEOPT UNPACKING pc=0x00000204875878e2 sp=0x0000009e0e7f5688 mode 0
Event: 4.440 Thread 0x00000204d4190f00 DEOPT PACKING pc=0x00000204804ad939 sp=0x0000009e0e7f61f0
Event: 4.440 Thread 0x00000204d4190f00 DEOPT UNPACKING pc=0x00000204875878e2 sp=0x0000009e0e7f5688 mode 0
Event: 5.494 Thread 0x00000204d4190f00 DEOPT PACKING pc=0x00000204803af7b5 sp=0x0000009e0e7f72f0
Event: 5.494 Thread 0x00000204d4190f00 DEOPT UNPACKING pc=0x00000204875878e2 sp=0x0000009e0e7f6818 mode 0

Classes loaded (20 events):
Event: 5.434 Loading class java/nio/FloatBuffer
Event: 5.434 Loading class java/nio/FloatBuffer done
Event: 5.434 Loading class java/nio/DoubleBuffer
Event: 5.435 Loading class java/nio/DoubleBuffer done
Event: 5.436 Loading class jdk/internal/loader/NativeLibraries$Unloader
Event: 5.436 Loading class jdk/internal/loader/NativeLibraries$Unloader done
Event: 5.457 Loading class java/lang/annotation/Documented
Event: 5.457 Loading class java/lang/annotation/Documented done
Event: 5.459 Loading class java/lang/reflect/UndeclaredThrowableException
Event: 5.459 Loading class java/lang/reflect/UndeclaredThrowableException done
Event: 5.460 Loading class java/lang/Class$AnnotationData
Event: 5.460 Loading class java/lang/Class$AnnotationData done
Event: 5.461 Loading class jdk/internal/reflect/MethodHandleIntegerFieldAccessorImpl
Event: 5.461 Loading class jdk/internal/reflect/MethodHandleIntegerFieldAccessorImpl done
Event: 5.479 Loading class java/io/PrintWriter
Event: 5.479 Loading class java/io/PrintWriter done
Event: 5.490 Loading class jdk/internal/reflect/MethodHandleShortFieldAccessorImpl
Event: 5.491 Loading class jdk/internal/reflect/MethodHandleShortFieldAccessorImpl done
Event: 5.492 Loading class java/lang/Short$ShortCache
Event: 5.492 Loading class java/lang/Short$ShortCache done

Classes unloaded (0 events):
No events

Classes redefined (0 events):
No events

Internal exceptions (20 events):
Event: 2.572 Thread 0x00000204d4190f00 Exception <a 'java/lang/NullPointerException'{0x00000000d5710c68}> (0x00000000d5710c68) 
thrown [s\src\hotspot\share\interpreter\linkResolver.cpp, line 1372]
Event: 2.939 Thread 0x00000204d4190f00 Exception <a 'java/lang/NoSuchMethodError'{0x00000000d601c4f8}: 'long java.lang.invoke.DirectMethodHandle$Holder.invokeSpecial(java.lang.Object, java.lang.Object)'> (0x00000000d601c4f8) 
thrown [s\src\hotspot\share\interpreter\linkResolver.cpp, line 773]
Event: 3.085 Thread 0x00000204d4190f00 Exception <a 'java/io/FileNotFoundException'{0x00000000d61e7a48}> (0x00000000d61e7a48) 
thrown [s\src\hotspot\share\prims\jni.cpp, line 520]
Event: 3.241 Thread 0x00000204d4190f00 Exception <a 'java/lang/NoSuchMethodError'{0x00000000d6501a70}: 'java.lang.Object java.lang.invoke.Invokers$Holder.linkToTargetMethod(java.lang.Object, long, java.lang.Object)'> (0x00000000d6501a70) 
thrown [s\src\hotspot\share\interpreter\linkResolver.cpp, line 773]
Event: 3.365 Thread 0x00000204d4190f00 Exception <a 'java/lang/NoSuchMethodError'{0x00000000d68a1358}: 'void java.lang.invoke.DirectMethodHandle$Holder.invokeInterface(java.lang.Object, java.lang.Object, java.lang.Object)'> (0x00000000d68a1358) 
thrown [s\src\hotspot\share\interpreter\linkResolver.cpp, line 773]
Event: 3.424 Thread 0x00000204d4190f00 Exception <a 'java/lang/NoSuchMethodError'{0x00000000d6ab3248}: 'void java.lang.invoke.Invokers$Holder.invokeExact_MT(java.lang.Object, java.lang.Object, java.lang.Object)'> (0x00000000d6ab3248) 
thrown [s\src\hotspot\share\interpreter\linkResolver.cpp, line 773]
Event: 3.645 Thread 0x00000204d4190f00 Exception <a 'java/lang/NoSuchMethodError'{0x00000000d6d87e50}: 'java.lang.Object java.lang.invoke.DirectMethodHandle$Holder.invokeVirtual(java.lang.Object, java.lang.Object, java.lang.Object)'> (0x00000000d6d87e50) 
thrown [s\src\hotspot\share\interpreter\linkResolver.cpp, line 773]
Event: 3.657 Thread 0x00000204d4190f00 Exception <a 'java/lang/NoSuchMethodError'{0x00000000d6da0440}: 'java.lang.Object java.lang.invoke.DelegatingMethodHandle$Holder.reinvoke_L(java.lang.Object, java.lang.Object, java.lang.Object, java.lang.Object, int, int)'> (0x00000000d6da0440) 
thrown [s\src\hotspot\share\interpreter\linkResolver.cpp, line 773]
Event: 3.661 Thread 0x00000204d4190f00 Exception <a 'java/lang/NoSuchMethodError'{0x00000000d6dbd048}: 'java.lang.Object java.lang.invoke.DirectMethodHandle$Holder.newInvokeSpecial(java.lang.Object, java.lang.Object, java.lang.Object, java.lang.Object, java.lang.Object, java.lang.Object)'> (0x00000000d6dbd048) 
thrown [s\src\hotspot\share\interpreter\linkResolver.cpp, line 773]
Event: 3.675 Thread 0x00000204d4190f00 Exception <a 'java/lang/NoSuchMethodError'{0x00000000d6de9938}: 'void java.lang.invoke.Invokers$Holder.invokeExact_MT(java.lang.Object, java.lang.Object, java.lang.Object, java.lang.Object)'> (0x00000000d6de9938) 
thrown [s\src\hotspot\share\interpreter\linkResolver.cpp, line 773]
Event: 3.864 Thread 0x00000204d4190f00 Exception <a 'java/io/FileNotFoundException'{0x00000000d59af730}> (0x00000000d59af730) 
thrown [s\src\hotspot\share\prims\jni.cpp, line 520]
Event: 3.865 Thread 0x00000204d4190f00 Exception <a 'java/io/FileNotFoundException'{0x00000000d59b6c98}> (0x00000000d59b6c98) 
thrown [s\src\hotspot\share\prims\jni.cpp, line 520]
Event: 4.146 Thread 0x00000204d4190f00 Exception <a 'java/lang/NoSuchMethodError'{0x00000000d5c5c670}: 'java.lang.Object java.lang.invoke.DirectMethodHandle$Holder.newInvokeSpecial(java.lang.Object, java.lang.Object, java.lang.Object, java.lang.Object, java.lang.Object)'> (0x00000000d5c5c670) 
thrown [s\src\hotspot\share\interpreter\linkResolver.cpp, line 773]
Event: 4.205 Thread 0x00000204d4190f00 Exception <a 'java/lang/NoSuchMethodError'{0x00000000d5dc5938}: 'java.lang.Object java.lang.invoke.DirectMethodHandle$Holder.invokeStaticInit(java.lang.Object, int)'> (0x00000000d5dc5938) 
thrown [s\src\hotspot\share\interpreter\linkResolver.cpp, line 773]
Event: 4.342 Thread 0x00000204d4190f00 Exception <a 'java/lang/NoSuchMethodError'{0x00000000d608b768}: 'java.lang.Object java.lang.invoke.DirectMethodHandle$Holder.invokeStaticInit(java.lang.Object, int, int, int, int)'> (0x00000000d608b768) 
thrown [s\src\hotspot\share\interpreter\linkResolver.cpp, line 773]
Event: 4.442 Thread 0x00000204d4190f00 Exception <a 'java/lang/NoSuchMethodError'{0x00000000d61df7b8}: 'java.lang.Object java.lang.invoke.DirectMethodHandle$Holder.invokeStaticInit(java.lang.Object, java.lang.Object, int, int, int, int)'> (0x00000000d61df7b8) 
thrown [s\src\hotspot\share\interpreter\linkResolver.cpp, line 773]
Event: 5.462 Thread 0x00000204d4190f00 Exception <a 'java/lang/NoSuchMethodError'{0x00000000d62e4b40}: 'void java.lang.invoke.DirectMethodHandle$Holder.invokeSpecial(java.lang.Object, java.lang.Object, java.lang.Object, int)'> (0x00000000d62e4b40) 
thrown [s\src\hotspot\share\interpreter\linkResolver.cpp, line 773]
Event: 5.463 Thread 0x00000204d4190f00 Exception <a 'java/lang/NoSuchMethodError'{0x00000000d62e84d0}: 'void java.lang.invoke.DelegatingMethodHandle$Holder.reinvoke_L(java.lang.Object, java.lang.Object, int)'> (0x00000000d62e84d0) 
thrown [s\src\hotspot\share\interpreter\linkResolver.cpp, line 773]
Event: 5.463 Thread 0x00000204d4190f00 Exception <a 'java/lang/NoSuchMethodError'{0x00000000d62ef1b8}: 'int java.lang.invoke.Invokers$Holder.invokeExact_MT(java.lang.Object, java.lang.Object, java.lang.Object)'> (0x00000000d62ef1b8) 
thrown [s\src\hotspot\share\interpreter\linkResolver.cpp, line 773]
Event: 5.495 Thread 0x00000204d4190f00 Exception <a 'java/lang/NoSuchMethodError'{0x00000000d63fbd30}: 'void java.lang.invoke.Invokers$Holder.invokeExact_MT(java.lang.Object, java.lang.Object, int, java.lang.Object)'> (0x00000000d63fbd30) 
thrown [s\src\hotspot\share\interpreter\linkResolver.cpp, line 773]

ZGC Phase Switch (0 events):
No events

VM Operations (20 events):
Event: 2.519 Executing VM operation: ParallelGCFailedAllocation (Allocation Failure)
Event: 2.525 Executing VM operation: ParallelGCFailedAllocation (Allocation Failure) done
Event: 2.769 Executing VM operation: HandshakeAllThreads (Deoptimize)
Event: 2.769 Executing VM operation: HandshakeAllThreads (Deoptimize) done
Event: 3.317 Executing VM operation: HandshakeAllThreads (Deoptimize)
Event: 3.317 Executing VM operation: HandshakeAllThreads (Deoptimize) done
Event: 3.703 Executing VM operation: ParallelGCFailedAllocation (Allocation Failure)
Event: 3.710 Executing VM operation: ParallelGCFailedAllocation (Allocation Failure) done
Event: 3.803 Executing VM operation: HandshakeAllThreads (Deoptimize)
Event: 3.803 Executing VM operation: HandshakeAllThreads (Deoptimize) done
Event: 3.810 Executing VM operation: HandshakeAllThreads (Deoptimize)
Event: 3.810 Executing VM operation: HandshakeAllThreads (Deoptimize) done
Event: 3.851 Executing VM operation: HandshakeAllThreads (Deoptimize)
Event: 3.851 Executing VM operation: HandshakeAllThreads (Deoptimize) done
Event: 4.397 Executing VM operation: HandshakeAllThreads (Deoptimize)
Event: 4.397 Executing VM operation: HandshakeAllThreads (Deoptimize) done
Event: 5.400 Executing VM operation: Cleanup
Event: 5.400 Executing VM operation: Cleanup done
Event: 5.445 Executing VM operation: HandshakeAllThreads (Deoptimize)
Event: 5.445 Executing VM operation: HandshakeAllThreads (Deoptimize) done

Memory protections (0 events):
No events

Nmethod flushes (0 events):
No events

Events (20 events):
Event: 0.072 Thread 0x00000204f5b54530 Thread added: 0x00000204f5acbbe0
Event: 0.072 Thread 0x00000204f5b54530 Thread added: 0x00000204f5acdaf0
Event: 0.072 Thread 0x00000204f5b54530 Thread added: 0x00000204f5ad3180
Event: 0.072 Thread 0x00000204f5b54530 Thread added: 0x00000204f5ae26a0
Event: 0.141 Thread 0x00000204f5b54530 Thread added: 0x00000204fef85480
Event: 0.258 Thread 0x00000204f5ae26a0 Thread added: 0x00000204f5ae2d70
Event: 0.385 Thread 0x00000204f5b54530 Thread added: 0x00000204ff29ffd0
Event: 1.961 Thread 0x00000204f5ae2d70 Thread exited: 0x00000204f5ae2d70
Event: 1.971 Thread 0x00000204f5b54530 Thread added: 0x00000204ff018d60
Event: 2.344 Thread 0x00000204f5ae26a0 Thread added: 0x00000204f5ae3b10
Event: 2.355 Thread 0x00000204f5b54530 Thread added: 0x00000204d41908a0
Event: 2.362 Thread 0x00000204f5b54530 Thread added: 0x00000204d4190f00
Event: 2.667 Thread 0x00000204f5ae3b10 Thread exited: 0x00000204f5ae3b10
Event: 2.741 Thread 0x00000204d4190f00 Thread added: 0x00000204d4204120
Event: 2.975 Thread 0x00000204f5ae26a0 Thread added: 0x00000204f5ae2d70
Event: 3.379 Thread 0x00000204d4190f00 Thread added: 0x00000204d40c7fe0
Event: 3.745 Thread 0x00000204f5ae2d70 Thread exited: 0x00000204f5ae2d70
Event: 3.865 Thread 0x00000204f5ae26a0 Thread added: 0x00000204f5ae2d70
Event: 4.127 Thread 0x00000204f5ae2d70 Thread exited: 0x00000204f5ae2d70
Event: 5.475 Thread 0x00000204d4190f00 Thread added: 0x00000204d4330ab0


Dynamic libraries:
0x00007ff6f2bc0000 - 0x00007ff6f2bce000 	c:\Users\kapil\.vscode\extensions\redhat.java-1.50.0-win32-x64\jre\21.0.9-win32-x86_64\bin\java.exe
0x00007fffb0cc0000 - 0x00007fffb0f27000 	C:\WINDOWS\SYSTEM32\ntdll.dll
0x00007fffaf7b0000 - 0x00007fffaf879000 	C:\WINDOWS\System32\KERNEL32.DLL
0x00007fffae0c0000 - 0x00007fffae4af000 	C:\WINDOWS\System32\KERNELBASE.dll
0x00007fffae4c0000 - 0x00007fffae60b000 	C:\WINDOWS\System32\ucrtbase.dll
0x00007fff722c0000 - 0x00007fff722d8000 	c:\Users\kapil\.vscode\extensions\redhat.java-1.50.0-win32-x64\jre\21.0.9-win32-x86_64\bin\jli.dll
0x00007fff82340000 - 0x00007fff8235e000 	c:\Users\kapil\.vscode\extensions\redhat.java-1.50.0-win32-x64\jre\21.0.9-win32-x86_64\bin\VCRUNTIME140.dll
0x00007fff8daf0000 - 0x00007fff8dd83000 	C:\WINDOWS\WinSxS\amd64_microsoft.windows.common-controls_6595b64144ccf1df_6.0.26100.7309_none_3e05feeae336a044\COMCTL32.dll
0x00007fffaff00000 - 0x00007fffaffa9000 	C:\WINDOWS\System32\msvcrt.dll
0x00007fffaeac0000 - 0x00007fffaec85000 	C:\WINDOWS\System32\USER32.dll
0x00007fffaf880000 - 0x00007fffaf8ab000 	C:\WINDOWS\System32\GDI32.dll
0x00007fffae610000 - 0x00007fffae637000 	C:\WINDOWS\System32\win32u.dll
0x00007fffae930000 - 0x00007fffaea5c000 	C:\WINDOWS\System32\gdi32full.dll
0x00007fffadea0000 - 0x00007fffadf43000 	C:\WINDOWS\System32\msvcp_win.dll
0x00007fffb0030000 - 0x00007fffb0061000 	C:\WINDOWS\System32\IMM32.DLL
0x00007fff9d170000 - 0x00007fff9d17c000 	c:\Users\kapil\.vscode\extensions\redhat.java-1.50.0-win32-x64\jre\21.0.9-win32-x86_64\bin\vcruntime140_1.dll
0x00007fff30e90000 - 0x00007fff30f1d000 	c:\Users\kapil\.vscode\extensions\redhat.java-1.50.0-win32-x64\jre\21.0.9-win32-x86_64\bin\msvcp140.dll
0x00007fff077e0000 - 0x00007fff08580000 	c:\Users\kapil\.vscode\extensions\redhat.java-1.50.0-win32-x64\jre\21.0.9-win32-x86_64\bin\server\jvm.dll
0x00007fffaf8b0000 - 0x00007fffaf964000 	C:\WINDOWS\System32\ADVAPI32.dll
0x00007fffaf9f0000 - 0x00007fffafa96000 	C:\WINDOWS\System32\sechost.dll
0x00007fffb0b60000 - 0x00007fffb0c78000 	C:\WINDOWS\System32\RPCRT4.dll
0x00007fffb07d0000 - 0x00007fffb0844000 	C:\WINDOWS\System32\WS2_32.dll
0x00007fffadc90000 - 0x00007fffadcee000 	C:\WINDOWS\SYSTEM32\POWRPROF.dll
0x00007fff9b550000 - 0x00007fff9b55b000 	C:\WINDOWS\SYSTEM32\VERSION.dll
0x00007fffa3100000 - 0x00007fffa3135000 	C:\WINDOWS\SYSTEM32\WINMM.dll
0x00007fffadc70000 - 0x00007fffadc84000 	C:\WINDOWS\SYSTEM32\UMPDC.dll
0x00007fffacbc0000 - 0x00007fffacbdb000 	C:\WINDOWS\SYSTEM32\kernel.appcore.dll
0x00007fff7eee0000 - 0x00007fff7eeea000 	c:\Users\kapil\.vscode\extensions\redhat.java-1.50.0-win32-x64\jre\21.0.9-win32-x86_64\bin\jimage.dll
0x00007fffab450000 - 0x00007fffab692000 	C:\WINDOWS\SYSTEM32\DBGHELP.DLL
0x00007fffaeed0000 - 0x00007fffaf255000 	C:\WINDOWS\System32\combase.dll
0x00007fffafc10000 - 0x00007fffafce6000 	C:\WINDOWS\System32\OLEAUT32.dll
0x00007fff8d6b0000 - 0x00007fff8d6ec000 	C:\WINDOWS\SYSTEM32\dbgcore.DLL
0x00007fffae7c0000 - 0x00007fffae865000 	C:\WINDOWS\System32\bcryptPrimitives.dll
0x00007fff75300000 - 0x00007fff7530f000 	c:\Users\kapil\.vscode\extensions\redhat.java-1.50.0-win32-x64\jre\21.0.9-win32-x86_64\bin\instrument.dll
0x00007fff600b0000 - 0x00007fff600d0000 	c:\Users\kapil\.vscode\extensions\redhat.java-1.50.0-win32-x64\jre\21.0.9-win32-x86_64\bin\java.dll
0x00007fffb0070000 - 0x00007fffb07c3000 	C:\WINDOWS\System32\SHELL32.dll
0x00007fffadf50000 - 0x00007fffae0ba000 	C:\WINDOWS\System32\wintypes.dll
0x00007fffab8a0000 - 0x00007fffac0fe000 	C:\WINDOWS\SYSTEM32\windows.storage.dll
0x00007fffaeca0000 - 0x00007fffaed95000 	C:\WINDOWS\System32\SHCORE.dll
0x00007fffaeda0000 - 0x00007fffaee06000 	C:\WINDOWS\System32\shlwapi.dll
0x00007fffadd30000 - 0x00007fffadd59000 	C:\WINDOWS\SYSTEM32\profapi.dll
0x00007fff60090000 - 0x00007fff600a8000 	c:\Users\kapil\.vscode\extensions\redhat.java-1.50.0-win32-x64\jre\21.0.9-win32-x86_64\bin\zip.dll
0x00007fff7b670000 - 0x00007fff7b680000 	C:\Users\kapil\.vscode\extensions\redhat.java-1.50.0-win32-x64\jre\21.0.9-win32-x86_64\bin\net.dll
0x00007fff9dc90000 - 0x00007fff9ddb8000 	C:\WINDOWS\SYSTEM32\WINHTTP.dll
0x00007fffad130000 - 0x00007fffad19b000 	C:\WINDOWS\system32\mswsock.dll
0x00007fff60070000 - 0x00007fff60086000 	C:\Users\kapil\.vscode\extensions\redhat.java-1.50.0-win32-x64\jre\21.0.9-win32-x86_64\bin\nio.dll
0x00007fff722b0000 - 0x00007fff722c0000 	c:\Users\kapil\.vscode\extensions\redhat.java-1.50.0-win32-x64\jre\21.0.9-win32-x86_64\bin\verify.dll
0x00007fff7c3f0000 - 0x00007fff7c434000 	C:\Users\kapil\AppData\Roaming\Code\User\globalStorage\redhat.java\1.50.0\config_ss_win\org.eclipse.equinox.launcher\org.eclipse.equinox.launcher.win32.win32.x86_64_1.2.1400.v20250801-0854\eclipse_11916.dll
0x00007fffafd10000 - 0x00007fffafea7000 	C:\WINDOWS\System32\ole32.dll
0x00007fffad3f0000 - 0x00007fffad40b000 	C:\WINDOWS\SYSTEM32\CRYPTSP.dll
0x00007fffacb20000 - 0x00007fffacb5a000 	C:\WINDOWS\system32\rsaenh.dll
0x00007fffad1e0000 - 0x00007fffad20b000 	C:\WINDOWS\SYSTEM32\USERENV.dll
0x00007fffadd00000 - 0x00007fffadd2a000 	C:\WINDOWS\SYSTEM32\bcrypt.dll
0x00007fffad410000 - 0x00007fffad41c000 	C:\WINDOWS\SYSTEM32\CRYPTBASE.dll
0x00007fffac580000 - 0x00007fffac5b4000 	C:\WINDOWS\SYSTEM32\IPHLPAPI.DLL
0x00007fffb0b40000 - 0x00007fffb0b4a000 	C:\WINDOWS\System32\NSI.dll
0x00007fff3d950000 - 0x00007fff3d999000 	C:\Users\kapil\AppData\Local\Temp\jna-101817469\jna16922651652770151508.dll
0x00007fffaec90000 - 0x00007fffaec98000 	C:\WINDOWS\System32\PSAPI.DLL

JVMTI agents:
c:\Users\kapil\.vscode\extensions\redhat.java-1.50.0-win32-x64\lombok\lombok-1.18.39-4050.jar path:c:\Users\kapil\.vscode\extensions\redhat.java-1.50.0-win32-x64\jre\21.0.9-win32-x86_64\bin\instrument.dll, loaded, initialized, instrumentlib options:none

dbghelp: loaded successfully - version: 4.0.5 - missing functions: none
symbol engine: initialized successfully - sym options: 0x614 - pdb path: .;c:\Users\kapil\.vscode\extensions\redhat.java-1.50.0-win32-x64\jre\21.0.9-win32-x86_64\bin;C:\WINDOWS\SYSTEM32;C:\WINDOWS\WinSxS\amd64_microsoft.windows.common-controls_6595b64144ccf1df_6.0.26100.7309_none_3e05feeae336a044;c:\Users\kapil\.vscode\extensions\redhat.java-1.50.0-win32-x64\jre\21.0.9-win32-x86_64\bin\server;C:\Users\kapil\AppData\Roaming\Code\User\globalStorage\redhat.java\1.50.0\config_ss_win\org.eclipse.equinox.launcher\org.eclipse.equinox.launcher.win32.win32.x86_64_1.2.1400.v20250801-0854;C:\Users\kapil\AppData\Local\Temp\jna-101817469

VM Arguments:
jvm_args: --add-modules=ALL-SYSTEM --add-opens=java.base/java.util=ALL-UNNAMED --add-opens=java.base/java.lang=ALL-UNNAMED --add-opens=java.base/sun.nio.fs=ALL-UNNAMED -Declipse.application=org.eclipse.jdt.ls.core.id1 -Dosgi.bundles.defaultStartLevel=4 -Declipse.product=org.eclipse.jdt.ls.core.product -Djava.import.generatesMetadataFilesAtProjectRoot=false -DDetectVMInstallationsJob.disabled=true -Dfile.encoding=utf8 -XX:+UseParallelGC -XX:GCTimeRatio=4 -XX:AdaptiveSizePolicyWeight=90 -Dsun.zip.disableMemoryMapping=true -Xmx2G -Xms100m -Xlog:disable -javaagent:c:\Users\kapil\.vscode\extensions\redhat.java-1.50.0-win32-x64\lombok\lombok-1.18.39-4050.jar 
java_command: c:\Users\kapil\.vscode\extensions\redhat.java-1.50.0-win32-x64\server\plugins\org.eclipse.equinox.launcher_1.7.100.v20251111-0406.jar -configuration c:\Users\kapil\AppData\Roaming\Code\User\globalStorage\redhat.java\1.50.0\config_ss_win -data c:\Users\kapil\AppData\Roaming\Code\User\workspaceStorage\b88cca7d63a09b7ea88d1ccb400f27c1\redhat.java\ss_ws --pipe=\\.\pipe\lsp-335fb31984f1661c032b9e405798a010-sock
java_class_path (initial): c:\Users\kapil\.vscode\extensions\redhat.java-1.50.0-win32-x64\server\plugins\org.eclipse.equinox.launcher_1.7.100.v20251111-0406.jar
Launcher Type: SUN_STANDARD

[Global flags]
    uintx AdaptiveSizePolicyWeight                 = 90                                        {product} {command line}
     intx CICompilerCount                          = 4                                         {product} {ergonomic}
    uintx GCTimeRatio                              = 4                                         {product} {command line}
   size_t InitialHeapSize                          = 104857600                                 {product} {command line}
   size_t MaxHeapSize                              = 2147483648                                {product} {command line}
   size_t MaxNewSize                               = 715653120                                 {product} {ergonomic}
   size_t MinHeapDeltaBytes                        = 524288                                    {product} {ergonomic}
   size_t MinHeapSize                              = 104857600                                 {product} {command line}
   size_t NewSize                                  = 34603008                                  {product} {ergonomic}
    uintx NonNMethodCodeHeapSize                   = 5839372                                {pd product} {ergonomic}
    uintx NonProfiledCodeHeapSize                  = 122909434                              {pd product} {ergonomic}
   size_t OldSize                                  = 70254592                                  {product} {ergonomic}
    uintx ProfiledCodeHeapSize                     = 122909434                              {pd product} {ergonomic}
    uintx ReservedCodeCacheSize                    = 251658240                              {pd product} {ergonomic}
     bool SegmentedCodeCache                       = true                                      {product} {ergonomic}
   size_t SoftMaxHeapSize                          = 2147483648                             {manageable} {ergonomic}
     bool UseCompressedOops                        = true                           {product lp64_product} {ergonomic}
     bool UseLargePagesIndividualAllocation        = false                                  {pd product} {ergonomic}
     bool UseParallelGC                            = true                                      {product} {command line}

Logging:
Log output configuration:
 #0: stdout all=off uptime,level,tags foldmultilines=false
 #1: stderr all=off uptime,level,tags foldmultilines=false

Release file:
JAVA_VERSION="21.0.9" 
MODULES="java.base java.compiler java.datatransfer java.xml java.prefs java.desktop java.instrument java.logging java.management java.security.sasl java.naming java.rmi java.management.rmi java.net.http java.scripting java.security.jgss java.transaction.xa java.sql java.sql.rowset java.xml.crypto java.se java.smartcardio jdk.accessibility jdk.internal.jvmstat jdk.attach jdk.charsets jdk.internal.opt jdk.zipfs jdk.compiler jdk.crypto.ec jdk.crypto.cryptoki jdk.crypto.mscapi jdk.dynalink jdk.internal.ed jdk.editpad jdk.hotspot.agent jdk.httpserver jdk.internal.le jdk.internal.vm.ci jdk.internal.vm.compiler jdk.internal.vm.compiler.management jdk.jartool jdk.javadoc jdk.jcmd jdk.management jdk.management.agent jdk.jconsole jdk.jdeps jdk.jdwp.agent jdk.jdi jdk.jfr jdk.jshell jdk.jsobject jdk.jstatd jdk.localedata jdk.management.jfr jdk.naming.dns jdk.naming.rmi jdk.net jdk.nio.mapmode jdk.random jdk.sctp jdk.security.auth jdk.security.jgss jdk.unsupported jdk.unsupported.desktop jdk.xml.dom" 

Environment Variables:
JAVA_HOME=C:\Program Files\Java\jdk-21
PATH=D:\oracle\dbhomeXE\bin;D:\sqlplus\dbhomeXE\bin;C:\Program Files\Common Files\Oracle\Java\javapath;C:\WINDOWS\system32;C:\WINDOWS;C:\WINDOWS\System32\Wbem;C:\WINDOWS\System32\WindowsPowerShell\v1.0\;C:\WINDOWS\System32\OpenSSH\;C:\Program Files\Java\jdk-19\bin;C:\Program Files\Microsoft SQL Server\Client SDK\ODBC\170\Tools\Binn\;C:\Program Files (x86)\Microsoft SQL Server\150\Tools\Binn\;C:\Program Files\Microsoft SQL Server\150\Tools\Binn\;C:\Program Files\Microsoft SQL Server\150\DTS\Binn\;C:\Program Files\Java\jdk-21\bin;C:\Program Files\Apache\apache-maven-3.9.9\bin;C:\composer;C:\Program Files\Git\cmd;C:\Program Files\nodejs\;C:\Users\kapil\AppData\Local\Programs\Python\Python313;C:\Users\kapil\AppData\Local\Programs\Python\Python313\Scripts;C:\Program Files\Microsoft SQL Server\170\Tools\Binn\;C:\Program Files\dotnet\;C:\Users\kapil\AppData\Local\Microsoft\WindowsApps;C:\C:\xampp\phpUsers\kapil\AppData\Local\Programs\Microsoft VS Code\bin;C:\Program Files\Azure Data Studio\bin;C:\Users\kapil\AppData\Local\Programs\Microsoft VS Code\bin;C:\Users\kapil\AppData\Local\GitHubDesktop\bin;D:\intellij idea\IntelliJ IDEA Community Edition 2024.3\bin;;C:\xampp\php;C:\Users\kapil\AppData\Roaming\npm;C:\Users\kapil\.dotnet\tools;C:\Users\kapil\AppData\Roaming\Composer\vendor\bin;C:\Users\kapil\AppData\Local\Python\bin
USERNAME=kapil
OS=Windows_NT
PROCESSOR_IDENTIFIER=Intel64 Family 6 Model 140 Stepping 2, GenuineIntel
TMP=C:\Users\kapil\AppData\Local\Temp
TEMP=C:\Users\kapil\AppData\Local\Temp




Periodic native trim disabled

---------------  S Y S T E M  ---------------

OS:
 Windows 11 , 64 bit Build 26100 (10.0.26100.7309)
OS uptime: 0 days 0:59 hours
Hyper-V role detected

CPU: total 8 (initial active 8) (4 cores per cpu, 2 threads per core) family 6 model 140 stepping 2 microcode 0x2c, cx8, cmov, fxsr, ht, mmx, 3dnowpref, sse, sse2, sse3, ssse3, sse4.1, sse4.2, popcnt, lzcnt, tsc, tscinvbit, avx, avx2, aes, erms, clmul, bmi1, bmi2, adx, avx512f, avx512dq, avx512cd, avx512bw, avx512vl, sha, fma, vzeroupper, avx512_vpopcntdq, avx512_vpclmulqdq, avx512_vaes, avx512_vnni, clflush, clflushopt, clwb, avx512_vbmi2, avx512_vbmi, hv, rdtscp, rdpid, fsrm, gfni, avx512_bitalg, f16c, cet_ibt, cet_ss, avx512_ifma
Processor Information for the first 8 processors :
  Max Mhz: 2918, Current Mhz: 2918, Mhz Limit: 2918

Memory: 4k page, system-wide physical 7941M (675M free)
TotalPageFile size 21603M (AvailPageFile size 3M)
current process WorkingSet (physical memory assigned to process): 109M, peak: 114M
current process commit charge ("private bytes"): 251M, peak: 255M

vm_info: OpenJDK 64-Bit Server VM (21.0.9+10-LTS) for windows-amd64 JRE (21.0.9+10-LTS), built on 2025-10-21T00:00:00Z by "admin" with unknown MS VC++:1942

END.
