#
# There is insufficient memory for the Java Runtime Environment to continue.
# Native memory allocation (malloc) failed to allocate 216016 bytes. Error detail: Chunk::new
# Possible reasons:
#   The system is out of physical RAM or swap space
#   This process is running with CompressedOops enabled, and the Java Heap may be blocking the growth of the native heap
# Possible solutions:
#   Reduce memory load on the system
#   Increase physical memory or swap space
#   Check if swap backing store is full
#   Decrease Java heap size (-Xmx/-Xms)
#   Decrease number of Java threads
#   Decrease Java thread stack sizes (-Xss)
#   Set larger code cache with -XX:ReservedCodeCacheSize=
#   JVM is running with Unscaled Compressed Oops mode in which the Java heap is
#     placed in the first 4GB address space. The Java Heap base address is the
#     maximum limit for the native heap growth. Please use -XX:HeapBaseMinAddress
#     to set the Java Heap base and to place the Java Heap above 4GB virtual address.
# This output file may be truncated or incomplete.
#
#  Out of Memory Error (arena.cpp:168), pid=17852, tid=12808
#
# JRE version: OpenJDK Runtime Environment Temurin-21.0.9+10 (21.0.9+10) (build 21.0.9+10-LTS)
# Java VM: OpenJDK 64-Bit Server VM Temurin-21.0.9+10 (21.0.9+10-LTS, mixed mode, sharing, tiered, compressed oops, compressed class ptrs, parallel gc, windows-amd64)
# No core dump will be written. Minidumps are not enabled by default on client versions of Windows
#

---------------  S U M M A R Y ------------

Command Line: --add-modules=ALL-SYSTEM --add-opens=java.base/java.util=ALL-UNNAMED --add-opens=java.base/java.lang=ALL-UNNAMED --add-opens=java.base/sun.nio.fs=ALL-UNNAMED -Declipse.application=org.eclipse.jdt.ls.core.id1 -Dosgi.bundles.defaultStartLevel=4 -Declipse.product=org.eclipse.jdt.ls.core.product -Djava.import.generatesMetadataFilesAtProjectRoot=false -DDetectVMInstallationsJob.disabled=true -Dfile.encoding=utf8 -XX:+UseParallelGC -XX:GCTimeRatio=4 -XX:AdaptiveSizePolicyWeight=90 -Dsun.zip.disableMemoryMapping=true -Xmx2G -Xms100m -Xlog:disable -javaagent:c:\Users\kapil\.vscode\extensions\redhat.java-1.50.0-win32-x64\lombok\lombok-1.18.39-4050.jar -XX:+HeapDumpOnOutOfMemoryError -XX:HeapDumpPath=c:\Users\kapil\AppData\Roaming\Code\User\workspaceStorage\b88cca7d63a09b7ea88d1ccb400f27c1\redhat.java -Daether.dependencyCollector.impl=bf c:\Users\kapil\.vscode\extensions\redhat.java-1.50.0-win32-x64\server\plugins\org.eclipse.equinox.launcher_1.7.100.v20251111-0406.jar -configuration c:\Users\kapil\AppData\Roaming\Code\User\globalStorage\redhat.java\1.50.0\config_win -data c:\Users\kapil\AppData\Roaming\Code\User\workspaceStorage\b88cca7d63a09b7ea88d1ccb400f27c1\redhat.java\jdt_ws --pipe=\\.\pipe\lsp-741f880cedc2450e63140ec3ac822c60-sock

Host: 11th Gen Intel(R) Core(TM) i7-1195G7 @ 2.90GHz, 8 cores, 7G,  Windows 11 , 64 bit Build 26100 (10.0.26100.7309)
Time: Sun Jan  4 17:08:19 2026 Sri Lanka Standard Time elapsed time: 3.894347 seconds (0d 0h 0m 3s)

---------------  T H R E A D  ---------------

Current thread (0x000001ccd72e8180):  JavaThread "C2 CompilerThread0" daemon [_thread_in_native, id=12808, stack(0x000000cc7e800000,0x000000cc7e900000) (1024K)]


Current CompileTask:
C2:3894 1713   !   4       java.lang.String::<init> (890 bytes)

Stack: [0x000000cc7e800000,0x000000cc7e900000]
Native frames: (J=compiled Java code, j=interpreted, Vv=VM code, C=native code)
V  [jvm.dll+0x6d6e29]
V  [jvm.dll+0x8b4b76]
V  [jvm.dll+0x8b712e]
V  [jvm.dll+0x8b7813]
V  [jvm.dll+0x283d86]
V  [jvm.dll+0xc66ed]
V  [jvm.dll+0xc6c31]
V  [jvm.dll+0x3be501]
V  [jvm.dll+0x38ab92]
V  [jvm.dll+0x389fda]
V  [jvm.dll+0x24bfa0]
V  [jvm.dll+0x24b580]
V  [jvm.dll+0x1cb13e]
V  [jvm.dll+0x25b29d]
V  [jvm.dll+0x25982a]
V  [jvm.dll+0x3f7ea6]
V  [jvm.dll+0x85e9ad]
V  [jvm.dll+0x6d565d]
C  [ucrtbase.dll+0x37b0]
C  [KERNEL32.DLL+0x2e8d7]
C  [ntdll.dll+0x8c53c]


---------------  P R O C E S S  ---------------

Threads class SMR info:
_java_thread_list=0x000001cd1e66f020, length=13, elements={
0x000001ccc086cfe0, 0x000001ccc0929c50, 0x000001ccc092aa60, 0x000001ccc092dfb0,
0x000001ccd72e3f50, 0x000001ccd72e69b0, 0x000001ccd72e7400, 0x000001ccd72e8180,
0x000001cd19bc8070, 0x000001cd19d4b190, 0x000001cd19ed2970, 0x000001cd1e181690,
0x000001cd1e76bb20
}

Java Threads: ( => current thread )
  0x000001ccc086cfe0 JavaThread "main"                              [_thread_in_vm, id=1764, stack(0x000000cc7de00000,0x000000cc7df00000) (1024K)]
  0x000001ccc0929c50 JavaThread "Reference Handler"          daemon [_thread_blocked, id=5672, stack(0x000000cc7e200000,0x000000cc7e300000) (1024K)]
  0x000001ccc092aa60 JavaThread "Finalizer"                  daemon [_thread_blocked, id=3012, stack(0x000000cc7e300000,0x000000cc7e400000) (1024K)]
  0x000001ccc092dfb0 JavaThread "Signal Dispatcher"          daemon [_thread_blocked, id=10180, stack(0x000000cc7e400000,0x000000cc7e500000) (1024K)]
  0x000001ccd72e3f50 JavaThread "Attach Listener"            daemon [_thread_blocked, id=17352, stack(0x000000cc7e500000,0x000000cc7e600000) (1024K)]
  0x000001ccd72e69b0 JavaThread "Service Thread"             daemon [_thread_blocked, id=16136, stack(0x000000cc7e600000,0x000000cc7e700000) (1024K)]
  0x000001ccd72e7400 JavaThread "Monitor Deflation Thread"   daemon [_thread_blocked, id=4064, stack(0x000000cc7e700000,0x000000cc7e800000) (1024K)]
=>0x000001ccd72e8180 JavaThread "C2 CompilerThread0"         daemon [_thread_in_native, id=12808, stack(0x000000cc7e800000,0x000000cc7e900000) (1024K)]
  0x000001cd19bc8070 JavaThread "C1 CompilerThread0"         daemon [_thread_blocked, id=10308, stack(0x000000cc7e900000,0x000000cc7ea00000) (1024K)]
  0x000001cd19d4b190 JavaThread "Common-Cleaner"             daemon [_thread_blocked, id=14584, stack(0x000000cc7ea00000,0x000000cc7eb00000) (1024K)]
  0x000001cd19ed2970 JavaThread "Notification Thread"        daemon [_thread_blocked, id=3772, stack(0x000000cc7eb00000,0x000000cc7ec00000) (1024K)]
  0x000001cd1e181690 JavaThread "C2 CompilerThread1"         daemon [_thread_blocked, id=6056, stack(0x000000cc7ec00000,0x000000cc7ed00000) (1024K)]
  0x000001cd1e76bb20 JavaThread "Active Thread: Equinox Container: 6fb1ee89-33e5-4ddf-8372-004f643f26f5"        [_thread_blocked, id=7124, stack(0x000000cc7f300000,0x000000cc7f400000) (1024K)]
Total: 13

Other Threads:
  0x000001ccd72e1d30 VMThread "VM Thread"                           [id=10976, stack(0x000000cc7e100000,0x000000cc7e200000) (1024K)]
  0x000001ccc08da230 WatcherThread "VM Periodic Task Thread"        [id=3156, stack(0x000000cc7e000000,0x000000cc7e100000) (1024K)]
  0x000001ccc088b650 WorkerThread "GC Thread#0"                     [id=2984, stack(0x000000cc7df00000,0x000000cc7e000000) (1024K)]
  0x000001cd1e2591c0 WorkerThread "GC Thread#1"                     [id=6192, stack(0x000000cc7ed00000,0x000000cc7ee00000) (1024K)]
  0x000001cd1e259560 WorkerThread "GC Thread#2"                     [id=16436, stack(0x000000cc7ee00000,0x000000cc7ef00000) (1024K)]
  0x000001cd1e259900 WorkerThread "GC Thread#3"                     [id=696, stack(0x000000cc7ef00000,0x000000cc7f000000) (1024K)]
  0x000001cd19ef9e80 WorkerThread "GC Thread#4"                     [id=3948, stack(0x000000cc7f000000,0x000000cc7f100000) (1024K)]
  0x000001cd19efa220 WorkerThread "GC Thread#5"                     [id=17052, stack(0x000000cc7f100000,0x000000cc7f200000) (1024K)]
  0x000001cd19efa5c0 WorkerThread "GC Thread#6"                     [id=18964, stack(0x000000cc7f200000,0x000000cc7f300000) (1024K)]
Total: 9

Threads with active compile tasks:
C2 CompilerThread0  3914 1713   !   4       java.lang.String::<init> (890 bytes)
Total: 1

VM state: not at safepoint (normal execution)

VM Mutex/Monitor currently owned by a thread: None

Heap address: 0x0000000080000000, size: 2048 MB, Compressed Oops mode: 32-bit

CDS archive(s) mapped at: [0x000001ccd8000000-0x000001ccd8ba0000-0x000001ccd8ba0000), size 12189696, SharedBaseAddress: 0x000001ccd8000000, ArchiveRelocationMode: 1.
Compressed class space mapped at: 0x000001ccd9000000-0x000001cd19000000, reserved size: 1073741824
Narrow klass base: 0x000001ccd8000000, Narrow klass shift: 0, Narrow klass range: 0x100000000

GC Precious Log:
 CardTable entry size: 512
 CPUs: 8 total, 8 available
 Memory: 7941M
 Large Page Support: Disabled
 NUMA Support: Disabled
 Compressed Oops: Enabled (32-bit)
 Alignments: Space 512K, Generation 512K, Heap 2M
 Heap Min Capacity: 100M
 Heap Initial Capacity: 100M
 Heap Max Capacity: 2G
 Pre-touch: Disabled
 Parallel Workers: 8

Heap:
 PSYoungGen      total 29696K, used 25278K [0x00000000d5580000, 0x00000000d7680000, 0x0000000100000000)
  eden space 25600K, 85% used [0x00000000d5580000,0x00000000d6af5c40,0x00000000d6e80000)
  from space 4096K, 80% used [0x00000000d6e80000,0x00000000d71b9e98,0x00000000d7280000)
  to   space 4096K, 0% used [0x00000000d7280000,0x00000000d7280000,0x00000000d7680000)
 ParOldGen       total 68608K, used 16K [0x0000000080000000, 0x0000000084300000, 0x00000000d5580000)
  object space 68608K, 0% used [0x0000000080000000,0x0000000080004000,0x0000000084300000)
 Metaspace       used 7671K, committed 8000K, reserved 1114112K
  class space    used 804K, committed 960K, reserved 1048576K

Card table byte_map: [0x000001ccc0210000,0x000001ccc0620000] _byte_map_base: 0x000001ccbfe10000

Marking Bits: (ParMarkBitMap*) 0x00007fff084a2460
 Begin Bits: [0x000001ccd2d20000, 0x000001ccd4d20000)
 End Bits:   [0x000001ccd4d20000, 0x000001ccd6d20000)

Polling page: 0x000001ccbe920000

Metaspace:

Usage:
  Non-class:      6.71 MB used.
      Class:    804.28 KB used.
       Both:      7.49 MB used.

Virtual space:
  Non-class space:       64.00 MB reserved,       6.88 MB ( 11%) committed,  1 nodes.
      Class space:        1.00 GB reserved,     960.00 KB ( <1%) committed,  1 nodes.
             Both:        1.06 GB reserved,       7.81 MB ( <1%) committed. 

Chunk freelists:
   Non-Class:  8.98 MB
       Class:  14.92 MB
        Both:  23.90 MB

MaxMetaspaceSize: unlimited
CompressedClassSpaceSize: 1.00 GB
Initial GC threshold: 21.00 MB
Current GC threshold: 21.00 MB
CDS: on
 - commit_granule_bytes: 65536.
 - commit_granule_words: 8192.
 - virtual_space_node_default_size: 8388608.
 - enlarge_chunks_in_place: 1.
 - use_allocation_guard: 0.


Internal statistics:

num_allocs_failed_limit: 0.
num_arena_births: 228.
num_arena_deaths: 0.
num_vsnodes_births: 2.
num_vsnodes_deaths: 0.
num_space_committed: 125.
num_space_uncommitted: 0.
num_chunks_returned_to_freelist: 0.
num_chunks_taken_from_freelist: 414.
num_chunk_merges: 0.
num_chunk_splits: 264.
num_chunks_enlarged: 173.
num_inconsistent_stats: 0.

CodeHeap 'non-profiled nmethods': size=120000Kb used=743Kb max_used=743Kb free=119256Kb
 bounds [0x000001cccb540000, 0x000001cccb7b0000, 0x000001ccd2a70000]
CodeHeap 'profiled nmethods': size=120000Kb used=3031Kb max_used=3031Kb free=116968Kb
 bounds [0x000001ccc3a70000, 0x000001ccc3d70000, 0x000001cccafa0000]
CodeHeap 'non-nmethods': size=5760Kb used=1221Kb max_used=1253Kb free=4538Kb
 bounds [0x000001cccafa0000, 0x000001cccb210000, 0x000001cccb540000]
CodeCache: size=245760Kb, used=4995Kb, max_used=5027Kb, free=240762Kb
 total_blobs=2198, nmethods=1721, adapters=384, full_count=0
Compilation: enabled, stopped_count=0, restarted_count=0

Compilation events (20 events):
Event: 3.866 Thread 0x000001cd19bc8070 nmethod 1711 0x000001ccc3d5f410 code [0x000001ccc3d5f5e0, 0x000001ccc3d5f8a8]
Event: 3.866 Thread 0x000001cd19bc8070 1710       3       sun.net.www.protocol.jar.Handler::indexOfBangSlash (52 bytes)
Event: 3.867 Thread 0x000001cd19bc8070 nmethod 1710 0x000001ccc3d5fa10 code [0x000001ccc3d5fc80, 0x000001ccc3d60728]
Event: 3.867 Thread 0x000001cd19bc8070 1709       3       java.util.ArrayList::indexOf (11 bytes)
Event: 3.867 Thread 0x000001cd19bc8070 nmethod 1709 0x000001ccc3d60b90 code [0x000001ccc3d60d40, 0x000001ccc3d60ea0]
Event: 3.867 Thread 0x000001cd19bc8070 1708       1       org.eclipse.osgi.storage.BundleInfo::getBundleId (5 bytes)
Event: 3.867 Thread 0x000001cd19bc8070 nmethod 1708 0x000001cccb5f8110 code [0x000001cccb5f82a0, 0x000001cccb5f8368]
Event: 3.867 Thread 0x000001cd1e181690 1714       4       jdk.internal.util.ArraysSupport::hashCode (33 bytes)
Event: 3.873 Thread 0x000001cd1e181690 nmethod 1714 0x000001cccb5f8410 code [0x000001cccb5f85a0, 0x000001cccb5f8830]
Event: 3.874 Thread 0x000001cd19bc8070 1715       3       java.util.Arrays::copyOfRange (25 bytes)
Event: 3.874 Thread 0x000001cd1e181690 1716       4       java.math.BigInteger::implMultiplyToLen (216 bytes)
Event: 3.874 Thread 0x000001cd19bc8070 nmethod 1715 0x000001ccc3d60f90 code [0x000001ccc3d61240, 0x000001ccc3d61de8]
Event: 3.875 Thread 0x000001cd19bc8070 1718       3       java.math.BigInteger::implSquareToLen (154 bytes)
Event: 3.876 Thread 0x000001cd19bc8070 nmethod 1718 0x000001ccc3d62210 code [0x000001ccc3d62420, 0x000001ccc3d628c8]
Event: 3.876 Thread 0x000001cd19bc8070 1719       3       java.math.BigInteger::shiftLeftImplWorker (43 bytes)
Event: 3.876 Thread 0x000001cd19bc8070 nmethod 1719 0x000001ccc3d62c10 code [0x000001ccc3d62dc0, 0x000001ccc3d62fe8]
Event: 3.878 Thread 0x000001cd19bc8070 1720       3       java.math.MutableBigInteger::divWord (108 bytes)
Event: 3.878 Thread 0x000001cd19bc8070 nmethod 1720 0x000001ccc3d63190 code [0x000001ccc3d63360, 0x000001ccc3d636a8]
Event: 3.889 Thread 0x000001cd19bc8070 1721       3       java.util.regex.Pattern$SliceI::match (96 bytes)
Event: 3.890 Thread 0x000001cd19bc8070 nmethod 1721 0x000001ccc3d63810 code [0x000001ccc3d63a20, 0x000001ccc3d64048]

GC Heap History (2 events):
Event: 1.681 GC heap before
{Heap before GC invocations=1 (full 0):
 PSYoungGen      total 29696K, used 25600K [0x00000000d5580000, 0x00000000d7680000, 0x0000000100000000)
  eden space 25600K, 100% used [0x00000000d5580000,0x00000000d6e80000,0x00000000d6e80000)
  from space 4096K, 0% used [0x00000000d7280000,0x00000000d7280000,0x00000000d7680000)
  to   space 4096K, 0% used [0x00000000d6e80000,0x00000000d6e80000,0x00000000d7280000)
 ParOldGen       total 68608K, used 0K [0x0000000080000000, 0x0000000084300000, 0x00000000d5580000)
  object space 68608K, 0% used [0x0000000080000000,0x0000000080000000,0x0000000084300000)
 Metaspace       used 4326K, committed 4544K, reserved 1114112K
  class space    used 472K, committed 576K, reserved 1048576K
}
Event: 1.690 GC heap after
{Heap after GC invocations=1 (full 0):
 PSYoungGen      total 29696K, used 3303K [0x00000000d5580000, 0x00000000d7680000, 0x0000000100000000)
  eden space 25600K, 0% used [0x00000000d5580000,0x00000000d5580000,0x00000000d6e80000)
  from space 4096K, 80% used [0x00000000d6e80000,0x00000000d71b9e98,0x00000000d7280000)
  to   space 4096K, 0% used [0x00000000d7280000,0x00000000d7280000,0x00000000d7680000)
 ParOldGen       total 68608K, used 16K [0x0000000080000000, 0x0000000084300000, 0x00000000d5580000)
  object space 68608K, 0% used [0x0000000080000000,0x0000000080004000,0x0000000084300000)
 Metaspace       used 4326K, committed 4544K, reserved 1114112K
  class space    used 472K, committed 576K, reserved 1048576K
}

Dll operation events (8 events):
Event: 0.017 Loaded shared library c:\Users\kapil\.vscode\extensions\redhat.java-1.50.0-win32-x64\jre\21.0.9-win32-x86_64\bin\java.dll
Event: 0.254 Loaded shared library c:\Users\kapil\.vscode\extensions\redhat.java-1.50.0-win32-x64\jre\21.0.9-win32-x86_64\bin\zip.dll
Event: 0.291 Loaded shared library C:\Users\kapil\.vscode\extensions\redhat.java-1.50.0-win32-x64\jre\21.0.9-win32-x86_64\bin\instrument.dll
Event: 0.298 Loaded shared library C:\Users\kapil\.vscode\extensions\redhat.java-1.50.0-win32-x64\jre\21.0.9-win32-x86_64\bin\net.dll
Event: 0.302 Loaded shared library C:\Users\kapil\.vscode\extensions\redhat.java-1.50.0-win32-x64\jre\21.0.9-win32-x86_64\bin\nio.dll
Event: 0.306 Loaded shared library C:\Users\kapil\.vscode\extensions\redhat.java-1.50.0-win32-x64\jre\21.0.9-win32-x86_64\bin\zip.dll
Event: 0.352 Loaded shared library C:\Users\kapil\.vscode\extensions\redhat.java-1.50.0-win32-x64\jre\21.0.9-win32-x86_64\bin\jimage.dll
Event: 0.502 Loaded shared library c:\Users\kapil\.vscode\extensions\redhat.java-1.50.0-win32-x64\jre\21.0.9-win32-x86_64\bin\verify.dll

Deoptimization events (20 events):
Event: 3.774 Thread 0x000001ccc086cfe0 DEOPT PACKING pc=0x000001cccb570034 sp=0x000000cc7defe260
Event: 3.774 Thread 0x000001ccc086cfe0 DEOPT UNPACKING pc=0x000001cccaff6da2 sp=0x000000cc7defe220 mode 2
Event: 3.872 Thread 0x000001ccc086cfe0 DEOPT PACKING pc=0x000001ccc3b6ff8b sp=0x000000cc7defc9b0
Event: 3.872 Thread 0x000001ccc086cfe0 DEOPT UNPACKING pc=0x000001cccaff78e2 sp=0x000000cc7defbe28 mode 0
Event: 3.874 Thread 0x000001ccc086cfe0 DEOPT PACKING pc=0x000001ccc3be7908 sp=0x000000cc7defc5b0
Event: 3.874 Thread 0x000001ccc086cfe0 DEOPT UNPACKING pc=0x000001cccaff78e2 sp=0x000000cc7defba30 mode 0
Event: 3.875 Thread 0x000001ccc086cfe0 DEOPT PACKING pc=0x000001ccc3b6b486 sp=0x000000cc7defc470
Event: 3.875 Thread 0x000001ccc086cfe0 DEOPT UNPACKING pc=0x000001cccaff78e2 sp=0x000000cc7defb8f0 mode 0
Event: 3.877 Thread 0x000001ccc086cfe0 DEOPT PACKING pc=0x000001ccc3be7908 sp=0x000000cc7defc8c0
Event: 3.877 Thread 0x000001ccc086cfe0 DEOPT UNPACKING pc=0x000001cccaff78e2 sp=0x000000cc7defbd40 mode 0
Event: 3.877 Thread 0x000001ccc086cfe0 Uncommon trap: trap_request=0xffffff45 fr.pc=0x000001cccb5f7828 relative=0x00000000000009c8
Event: 3.877 Thread 0x000001ccc086cfe0 Uncommon trap: reason=unstable_if action=reinterpret pc=0x000001cccb5f7828 method=java.util.HashMap.putVal(ILjava/lang/Object;Ljava/lang/Object;ZZ)Ljava/lang/Object; @ 81 c2
Event: 3.877 Thread 0x000001ccc086cfe0 DEOPT PACKING pc=0x000001cccb5f7828 sp=0x000000cc7defd120
Event: 3.877 Thread 0x000001ccc086cfe0 DEOPT UNPACKING pc=0x000001cccaff6da2 sp=0x000000cc7defd048 mode 2
Event: 3.887 Thread 0x000001ccc086cfe0 DEOPT PACKING pc=0x000001ccc3b6b486 sp=0x000000cc7defc6c0
Event: 3.887 Thread 0x000001ccc086cfe0 DEOPT UNPACKING pc=0x000001cccaff78e2 sp=0x000000cc7defbb40 mode 0
Event: 3.887 Thread 0x000001ccc086cfe0 DEOPT PACKING pc=0x000001ccc3be7908 sp=0x000000cc7defc810
Event: 3.887 Thread 0x000001ccc086cfe0 DEOPT UNPACKING pc=0x000001cccaff78e2 sp=0x000000cc7defbc90 mode 0
Event: 3.888 Thread 0x000001ccc086cfe0 DEOPT PACKING pc=0x000001ccc3be7908 sp=0x000000cc7defcb10
Event: 3.888 Thread 0x000001ccc086cfe0 DEOPT UNPACKING pc=0x000001cccaff78e2 sp=0x000000cc7defbf90 mode 0

Classes loaded (20 events):
Event: 3.740 Loading class java/net/ContentHandlerFactory
Event: 3.740 Loading class java/net/ContentHandlerFactory done
Event: 3.771 Loading class java/util/ConcurrentModificationException
Event: 3.771 Loading class java/util/ConcurrentModificationException done
Event: 3.801 Loading class java/util/LinkedList
Event: 3.802 Loading class java/util/AbstractSequentialList
Event: 3.802 Loading class java/util/AbstractSequentialList done
Event: 3.802 Loading class java/util/LinkedList done
Event: 3.812 Loading class java/net/ContentHandler
Event: 3.812 Loading class java/net/ContentHandler done
Event: 3.814 Loading class java/net/UrlDeserializedState
Event: 3.814 Loading class java/net/UrlDeserializedState done
Event: 3.814 Loading class java/lang/reflect/InaccessibleObjectException
Event: 3.814 Loading class java/lang/reflect/InaccessibleObjectException done
Event: 3.817 Loading class java/lang/StackWalker$Option
Event: 3.817 Loading class java/lang/StackWalker$Option done
Event: 3.856 Loading class javax/xml/parsers/ParserConfigurationException
Event: 3.857 Loading class javax/xml/parsers/ParserConfigurationException done
Event: 3.860 Loading class java/security/KeyStoreException
Event: 3.860 Loading class java/security/KeyStoreException done

Classes unloaded (0 events):
No events

Classes redefined (0 events):
No events

Internal exceptions (20 events):
Event: 1.375 Thread 0x000001ccc086cfe0 Exception <a 'java/lang/NoSuchMethodError'{0x00000000d65feeb0}: 'java.lang.Object java.lang.invoke.DirectMethodHandle$Holder.invokeInterface(java.lang.Object, java.lang.Object, int)'> (0x00000000d65feeb0) 
thrown [s\src\hotspot\share\interpreter\linkResolver.cpp, line 773]
Event: 1.584 Thread 0x000001ccc086cfe0 Exception <a 'java/lang/NoSuchMethodError'{0x00000000d6a655d0}: 'java.lang.ClassLoader java.lang.ClassLoader.getPlatformClassLoader(java.lang.Class)'> (0x00000000d6a655d0) 
thrown [s\src\hotspot\share\interpreter\linkResolver.cpp, line 773]
Event: 1.694 Thread 0x000001ccc086cfe0 Exception <a 'java/lang/ClassNotFoundException'{0x00000000d5581f00}: sun/net/www/protocol/c/Handler> (0x00000000d5581f00) 
thrown [s\src\hotspot\share\classfile\systemDictionary.cpp, line 312]
Event: 1.694 Thread 0x000001ccc086cfe0 Exception <a 'java/lang/ClassNotFoundException'{0x00000000d5583290}: sun/net/www/protocol/d/Handler> (0x00000000d5583290) 
thrown [s\src\hotspot\share\classfile\systemDictionary.cpp, line 312]
Event: 1.694 Thread 0x000001ccc086cfe0 Exception <a 'java/lang/ClassNotFoundException'{0x00000000d5584450}: sun/net/www/protocol/c/Handler> (0x00000000d5584450) 
thrown [s\src\hotspot\share\classfile\systemDictionary.cpp, line 312]
Event: 1.706 Thread 0x000001ccc086cfe0 Exception <a 'java/io/FileNotFoundException'{0x00000000d55acb50}> (0x00000000d55acb50) 
thrown [s\src\hotspot\share\prims\jni.cpp, line 520]
Event: 1.775 Thread 0x000001ccc086cfe0 Implicit null exception at 0x000001cccb59cfa9 to 0x000001cccb59d848
Event: 1.775 Thread 0x000001ccc086cfe0 Implicit null exception at 0x000001cccb5ada1a to 0x000001cccb5adc20
Event: 1.776 Thread 0x000001ccc086cfe0 Exception <a 'java/lang/NoSuchMethodError'{0x00000000d56dc4d8}: 'void java.lang.invoke.DirectMethodHandle$Holder.invokeStatic(java.lang.Object, java.lang.Object, java.lang.Object, java.lang.Object)'> (0x00000000d56dc4d8) 
thrown [s\src\hotspot\share\interpreter\linkResolver.cpp, line 773]
Event: 1.777 Thread 0x000001ccc086cfe0 Implicit null exception at 0x000001cccb59e5bc to 0x000001cccb59e848
Event: 1.777 Thread 0x000001ccc086cfe0 Implicit null exception at 0x000001cccb5a113d to 0x000001cccb5a11c1
Event: 2.759 Thread 0x000001ccc086cfe0 Exception <a 'java/lang/NoSuchMethodError'{0x00000000d59a8fb8}: 'void java.lang.invoke.DirectMethodHandle$Holder.invokeSpecial(java.lang.Object, java.lang.Object, java.lang.Object)'> (0x00000000d59a8fb8) 
thrown [s\src\hotspot\share\interpreter\linkResolver.cpp, line 773]
Event: 3.475 Thread 0x000001ccc086cfe0 Exception <a 'java/lang/NoSuchMethodError'{0x00000000d6334b20}: 'int java.lang.invoke.DirectMethodHandle$Holder.invokeVirtual(java.lang.Object, java.lang.Object)'> (0x00000000d6334b20) 
thrown [s\src\hotspot\share\interpreter\linkResolver.cpp, line 773]
Event: 3.646 Thread 0x000001ccc086cfe0 Exception <a 'java/lang/NoSuchMethodError'{0x00000000d64ab1e8}: 'int java.lang.invoke.DirectMethodHandle$Holder.invokeStaticInit(java.lang.Object, java.lang.Object, java.lang.Object, java.lang.Object)'> (0x00000000d64ab1e8) 
thrown [s\src\hotspot\share\interpreter\linkResolver.cpp, line 773]
Event: 3.648 Thread 0x000001ccc086cfe0 Exception <a 'java/lang/IncompatibleClassChangeError'{0x00000000d64b35f0}: Found class java.lang.Object, but interface was expected> (0x00000000d64b35f0) 
thrown [s\src\hotspot\share\interpreter\linkResolver.cpp, line 840]
Event: 3.651 Thread 0x000001ccc086cfe0 Exception <a 'java/lang/NoSuchMethodError'{0x00000000d64b9bc0}: 'void java.lang.invoke.DirectMethodHandle$Holder.invokeStaticInit(java.lang.Object, java.lang.Object)'> (0x00000000d64b9bc0) 
thrown [s\src\hotspot\share\interpreter\linkResolver.cpp, line 773]
Event: 3.653 Thread 0x000001ccc086cfe0 Exception <a 'java/lang/NoSuchMethodError'{0x00000000d64c2d98}: 'int java.lang.invoke.DirectMethodHandle$Holder.invokeStaticInit(java.lang.Object, java.lang.Object)'> (0x00000000d64c2d98) 
thrown [s\src\hotspot\share\interpreter\linkResolver.cpp, line 773]
Event: 3.754 Thread 0x000001ccc086cfe0 Exception <a 'java/lang/NoSuchMethodError'{0x00000000d670b668}: 'java.lang.Object java.lang.invoke.DirectMethodHandle$Holder.newInvokeSpecial(java.lang.Object, int, java.lang.Object)'> (0x00000000d670b668) 
thrown [s\src\hotspot\share\interpreter\linkResolver.cpp, line 773]
Event: 3.821 Thread 0x000001ccc086cfe0 Exception <a 'java/lang/ClassNotFoundException'{0x00000000d6922c30}: sun/net/www/protocol/plurl/Handler> (0x00000000d6922c30) 
thrown [s\src\hotspot\share\classfile\systemDictionary.cpp, line 312]
Event: 3.821 Thread 0x000001ccc086cfe0 Exception <a 'java/lang/ClassNotFoundException'{0x00000000d6923ab0}: sun/net/www/protocol/plurl/Handler> (0x00000000d6923ab0) 
thrown [s\src\hotspot\share\classfile\systemDictionary.cpp, line 312]

ZGC Phase Switch (0 events):
No events

VM Operations (20 events):
Event: 1.131 Executing VM operation: Cleanup
Event: 1.131 Executing VM operation: Cleanup done
Event: 1.153 Executing VM operation: HandshakeAllThreads (Deoptimize)
Event: 1.153 Executing VM operation: HandshakeAllThreads (Deoptimize) done
Event: 1.663 Executing VM operation: HandshakeAllThreads (Deoptimize)
Event: 1.663 Executing VM operation: HandshakeAllThreads (Deoptimize) done
Event: 1.681 Executing VM operation: ParallelGCFailedAllocation (Allocation Failure)
Event: 1.690 Executing VM operation: ParallelGCFailedAllocation (Allocation Failure) done
Event: 2.702 Executing VM operation: Cleanup
Event: 2.703 Executing VM operation: Cleanup done
Event: 3.706 Executing VM operation: HandshakeAllThreads (Deoptimize)
Event: 3.715 Executing VM operation: HandshakeAllThreads (Deoptimize) done
Event: 3.715 Executing VM operation: Cleanup
Event: 3.715 Executing VM operation: Cleanup done
Event: 3.736 Executing VM operation: HandshakeAllThreads (Deoptimize)
Event: 3.736 Executing VM operation: HandshakeAllThreads (Deoptimize) done
Event: 3.803 Executing VM operation: HandshakeAllThreads (Deoptimize)
Event: 3.803 Executing VM operation: HandshakeAllThreads (Deoptimize) done
Event: 3.816 Executing VM operation: HandshakeAllThreads (Deoptimize)
Event: 3.816 Executing VM operation: HandshakeAllThreads (Deoptimize) done

Memory protections (0 events):
No events

Nmethod flushes (0 events):
No events

Events (19 events):
Event: 0.053 Thread 0x000001ccc086cfe0 Thread added: 0x000001ccc086cfe0
Event: 0.082 Thread 0x000001ccc086cfe0 Thread added: 0x000001ccc0929c50
Event: 0.082 Thread 0x000001ccc086cfe0 Thread added: 0x000001ccc092aa60
Event: 0.082 Thread 0x000001ccc086cfe0 Thread added: 0x000001ccc092dfb0
Event: 0.082 Thread 0x000001ccc086cfe0 Thread added: 0x000001ccd72e3f50
Event: 0.083 Thread 0x000001ccc086cfe0 Thread added: 0x000001ccd72e69b0
Event: 0.083 Thread 0x000001ccc086cfe0 Thread added: 0x000001ccd72e7400
Event: 0.083 Thread 0x000001ccc086cfe0 Thread added: 0x000001ccd72e8180
Event: 0.084 Thread 0x000001ccc086cfe0 Thread added: 0x000001cd19bc8070
Event: 0.294 Thread 0x000001ccc086cfe0 Thread added: 0x000001cd19d4b190
Event: 0.492 Thread 0x000001ccd72e8180 Thread added: 0x000001cd19e14390
Event: 0.717 Thread 0x000001cd19e14390 Thread exited: 0x000001cd19e14390
Event: 0.764 Thread 0x000001ccc086cfe0 Thread added: 0x000001cd19ed2970
Event: 0.964 Thread 0x000001cd19bc8070 Thread added: 0x000001cd19f36c30
Event: 2.718 Thread 0x000001cd19f36c30 Thread exited: 0x000001cd19f36c30
Event: 2.894 Thread 0x000001cd19bc8070 Thread added: 0x000001cd1e4af020
Event: 3.253 Thread 0x000001cd1e4af020 Thread exited: 0x000001cd1e4af020
Event: 3.431 Thread 0x000001cd19bc8070 Thread added: 0x000001cd1e181690
Event: 3.688 Thread 0x000001ccc086cfe0 Thread added: 0x000001cd1e76bb20


Dynamic libraries:
0x00007ff6f2bc0000 - 0x00007ff6f2bce000 	c:\Users\kapil\.vscode\extensions\redhat.java-1.50.0-win32-x64\jre\21.0.9-win32-x86_64\bin\java.exe
0x00007fffb0cc0000 - 0x00007fffb0f27000 	C:\WINDOWS\SYSTEM32\ntdll.dll
0x00007fffaf7b0000 - 0x00007fffaf879000 	C:\WINDOWS\System32\KERNEL32.DLL
0x00007fffae0c0000 - 0x00007fffae4af000 	C:\WINDOWS\System32\KERNELBASE.dll
0x00007fffae4c0000 - 0x00007fffae60b000 	C:\WINDOWS\System32\ucrtbase.dll
0x00007fff722c0000 - 0x00007fff722d8000 	c:\Users\kapil\.vscode\extensions\redhat.java-1.50.0-win32-x64\jre\21.0.9-win32-x86_64\bin\jli.dll
0x00007fffaeac0000 - 0x00007fffaec85000 	C:\WINDOWS\System32\USER32.dll
0x00007fffae610000 - 0x00007fffae637000 	C:\WINDOWS\System32\win32u.dll
0x00007fffaf880000 - 0x00007fffaf8ab000 	C:\WINDOWS\System32\GDI32.dll
0x00007fffae930000 - 0x00007fffaea5c000 	C:\WINDOWS\System32\gdi32full.dll
0x00007fffadea0000 - 0x00007fffadf43000 	C:\WINDOWS\System32\msvcp_win.dll
0x00007fff82340000 - 0x00007fff8235e000 	c:\Users\kapil\.vscode\extensions\redhat.java-1.50.0-win32-x64\jre\21.0.9-win32-x86_64\bin\VCRUNTIME140.dll
0x00007fff8daf0000 - 0x00007fff8dd83000 	C:\WINDOWS\WinSxS\amd64_microsoft.windows.common-controls_6595b64144ccf1df_6.0.26100.7309_none_3e05feeae336a044\COMCTL32.dll
0x00007fffaff00000 - 0x00007fffaffa9000 	C:\WINDOWS\System32\msvcrt.dll
0x00007fffb0030000 - 0x00007fffb0061000 	C:\WINDOWS\System32\IMM32.DLL
0x00007fff9d170000 - 0x00007fff9d17c000 	c:\Users\kapil\.vscode\extensions\redhat.java-1.50.0-win32-x64\jre\21.0.9-win32-x86_64\bin\vcruntime140_1.dll
0x00007fff30e90000 - 0x00007fff30f1d000 	c:\Users\kapil\.vscode\extensions\redhat.java-1.50.0-win32-x64\jre\21.0.9-win32-x86_64\bin\msvcp140.dll
0x00007fff077e0000 - 0x00007fff08580000 	c:\Users\kapil\.vscode\extensions\redhat.java-1.50.0-win32-x64\jre\21.0.9-win32-x86_64\bin\server\jvm.dll
0x00007fffaf8b0000 - 0x00007fffaf964000 	C:\WINDOWS\System32\ADVAPI32.dll
0x00007fffaf9f0000 - 0x00007fffafa96000 	C:\WINDOWS\System32\sechost.dll
0x00007fffb0b60000 - 0x00007fffb0c78000 	C:\WINDOWS\System32\RPCRT4.dll
0x00007fffb07d0000 - 0x00007fffb0844000 	C:\WINDOWS\System32\WS2_32.dll
0x00007fffadc90000 - 0x00007fffadcee000 	C:\WINDOWS\SYSTEM32\POWRPROF.dll
0x00007fffa3100000 - 0x00007fffa3135000 	C:\WINDOWS\SYSTEM32\WINMM.dll
0x00007fff9b550000 - 0x00007fff9b55b000 	C:\WINDOWS\SYSTEM32\VERSION.dll
0x00007fffadc70000 - 0x00007fffadc84000 	C:\WINDOWS\SYSTEM32\UMPDC.dll
0x00007fffacbc0000 - 0x00007fffacbdb000 	C:\WINDOWS\SYSTEM32\kernel.appcore.dll
0x00007fff7eee0000 - 0x00007fff7eeea000 	c:\Users\kapil\.vscode\extensions\redhat.java-1.50.0-win32-x64\jre\21.0.9-win32-x86_64\bin\jimage.dll
0x00007fffab450000 - 0x00007fffab692000 	C:\WINDOWS\SYSTEM32\DBGHELP.DLL
0x00007fffaeed0000 - 0x00007fffaf255000 	C:\WINDOWS\System32\combase.dll
0x00007fffafc10000 - 0x00007fffafce6000 	C:\WINDOWS\System32\OLEAUT32.dll
0x00007fff8d6b0000 - 0x00007fff8d6ec000 	C:\WINDOWS\SYSTEM32\dbgcore.DLL
0x00007fffae7c0000 - 0x00007fffae865000 	C:\WINDOWS\System32\bcryptPrimitives.dll
0x00007fff75300000 - 0x00007fff7530f000 	c:\Users\kapil\.vscode\extensions\redhat.java-1.50.0-win32-x64\jre\21.0.9-win32-x86_64\bin\instrument.dll
0x00007fff600b0000 - 0x00007fff600d0000 	c:\Users\kapil\.vscode\extensions\redhat.java-1.50.0-win32-x64\jre\21.0.9-win32-x86_64\bin\java.dll
0x00007fffb0070000 - 0x00007fffb07c3000 	C:\WINDOWS\System32\SHELL32.dll
0x00007fffadf50000 - 0x00007fffae0ba000 	C:\WINDOWS\System32\wintypes.dll
0x00007fffab8a0000 - 0x00007fffac0fe000 	C:\WINDOWS\SYSTEM32\windows.storage.dll
0x00007fffaeca0000 - 0x00007fffaed95000 	C:\WINDOWS\System32\SHCORE.dll
0x00007fffaeda0000 - 0x00007fffaee06000 	C:\WINDOWS\System32\shlwapi.dll
0x00007fffadd30000 - 0x00007fffadd59000 	C:\WINDOWS\SYSTEM32\profapi.dll
0x00007fff60090000 - 0x00007fff600a8000 	c:\Users\kapil\.vscode\extensions\redhat.java-1.50.0-win32-x64\jre\21.0.9-win32-x86_64\bin\zip.dll
0x00007fff7b670000 - 0x00007fff7b680000 	C:\Users\kapil\.vscode\extensions\redhat.java-1.50.0-win32-x64\jre\21.0.9-win32-x86_64\bin\net.dll
0x00007fff9dc90000 - 0x00007fff9ddb8000 	C:\WINDOWS\SYSTEM32\WINHTTP.dll
0x00007fffad130000 - 0x00007fffad19b000 	C:\WINDOWS\system32\mswsock.dll
0x00007fff60070000 - 0x00007fff60086000 	C:\Users\kapil\.vscode\extensions\redhat.java-1.50.0-win32-x64\jre\21.0.9-win32-x86_64\bin\nio.dll
0x00007fff722b0000 - 0x00007fff722c0000 	c:\Users\kapil\.vscode\extensions\redhat.java-1.50.0-win32-x64\jre\21.0.9-win32-x86_64\bin\verify.dll

JVMTI agents:
c:\Users\kapil\.vscode\extensions\redhat.java-1.50.0-win32-x64\lombok\lombok-1.18.39-4050.jar path:c:\Users\kapil\.vscode\extensions\redhat.java-1.50.0-win32-x64\jre\21.0.9-win32-x86_64\bin\instrument.dll, loaded, initialized, instrumentlib options:none

dbghelp: loaded successfully - version: 4.0.5 - missing functions: none
symbol engine: initialized successfully - sym options: 0x614 - pdb path: .;c:\Users\kapil\.vscode\extensions\redhat.java-1.50.0-win32-x64\jre\21.0.9-win32-x86_64\bin;C:\WINDOWS\SYSTEM32;C:\WINDOWS\WinSxS\amd64_microsoft.windows.common-controls_6595b64144ccf1df_6.0.26100.7309_none_3e05feeae336a044;c:\Users\kapil\.vscode\extensions\redhat.java-1.50.0-win32-x64\jre\21.0.9-win32-x86_64\bin\server

VM Arguments:
jvm_args: --add-modules=ALL-SYSTEM --add-opens=java.base/java.util=ALL-UNNAMED --add-opens=java.base/java.lang=ALL-UNNAMED --add-opens=java.base/sun.nio.fs=ALL-UNNAMED -Declipse.application=org.eclipse.jdt.ls.core.id1 -Dosgi.bundles.defaultStartLevel=4 -Declipse.product=org.eclipse.jdt.ls.core.product -Djava.import.generatesMetadataFilesAtProjectRoot=false -DDetectVMInstallationsJob.disabled=true -Dfile.encoding=utf8 -XX:+UseParallelGC -XX:GCTimeRatio=4 -XX:AdaptiveSizePolicyWeight=90 -Dsun.zip.disableMemoryMapping=true -Xmx2G -Xms100m -Xlog:disable -javaagent:c:\Users\kapil\.vscode\extensions\redhat.java-1.50.0-win32-x64\lombok\lombok-1.18.39-4050.jar -XX:+HeapDumpOnOutOfMemoryError -XX:HeapDumpPath=c:\Users\kapil\AppData\Roaming\Code\User\workspaceStorage\b88cca7d63a09b7ea88d1ccb400f27c1\redhat.java -Daether.dependencyCollector.impl=bf 
java_command: c:\Users\kapil\.vscode\extensions\redhat.java-1.50.0-win32-x64\server\plugins\org.eclipse.equinox.launcher_1.7.100.v20251111-0406.jar -configuration c:\Users\kapil\AppData\Roaming\Code\User\globalStorage\redhat.java\1.50.0\config_win -data c:\Users\kapil\AppData\Roaming\Code\User\workspaceStorage\b88cca7d63a09b7ea88d1ccb400f27c1\redhat.java\jdt_ws --pipe=\\.\pipe\lsp-741f880cedc2450e63140ec3ac822c60-sock
java_class_path (initial): c:\Users\kapil\.vscode\extensions\redhat.java-1.50.0-win32-x64\server\plugins\org.eclipse.equinox.launcher_1.7.100.v20251111-0406.jar
Launcher Type: SUN_STANDARD

[Global flags]
    uintx AdaptiveSizePolicyWeight                 = 90                                        {product} {command line}
     intx CICompilerCount                          = 4                                         {product} {ergonomic}
    uintx GCTimeRatio                              = 4                                         {product} {command line}
     bool HeapDumpOnOutOfMemoryError               = true                                   {manageable} {command line}
    ccstr HeapDumpPath                             = c:\Users\kapil\AppData\Roaming\Code\User\workspaceStorage\b88cca7d63a09b7ea88d1ccb400f27c1\redhat.java         {manageable} {command line}
   size_t InitialHeapSize                          = 104857600                                 {product} {command line}
   size_t MaxHeapSize                              = 2147483648                                {product} {command line}
   size_t MaxNewSize                               = 715653120                                 {product} {ergonomic}
   size_t MinHeapDeltaBytes                        = 524288                                    {product} {ergonomic}
   size_t MinHeapSize                              = 104857600                                 {product} {command line}
   size_t NewSize                                  = 34603008                                  {product} {ergonomic}
    uintx NonNMethodCodeHeapSize                   = 5839372                                {pd product} {ergonomic}
    uintx NonProfiledCodeHeapSize                  = 122909434                              {pd product} {ergonomic}
   size_t OldSize                                  = 70254592                                  {product} {ergonomic}
    uintx ProfiledCodeHeapSize                     = 122909434                              {pd product} {ergonomic}
    uintx ReservedCodeCacheSize                    = 251658240                              {pd product} {ergonomic}
     bool SegmentedCodeCache                       = true                                      {product} {ergonomic}
   size_t SoftMaxHeapSize                          = 2147483648                             {manageable} {ergonomic}
     bool UseCompressedOops                        = true                           {product lp64_product} {ergonomic}
     bool UseLargePagesIndividualAllocation        = false                                  {pd product} {ergonomic}
     bool UseParallelGC                            = true                                      {product} {command line}

Logging:
Log output configuration:
 #0: stdout all=off uptime,level,tags foldmultilines=false
 #1: stderr all=off uptime,level,tags foldmultilines=false

Release file:
JAVA_VERSION="21.0.9" 
MODULES="java.base java.compiler java.datatransfer java.xml java.prefs java.desktop java.instrument java.logging java.management java.security.sasl java.naming java.rmi java.management.rmi java.net.http java.scripting java.security.jgss java.transaction.xa java.sql java.sql.rowset java.xml.crypto java.se java.smartcardio jdk.accessibility jdk.internal.jvmstat jdk.attach jdk.charsets jdk.internal.opt jdk.zipfs jdk.compiler jdk.crypto.ec jdk.crypto.cryptoki jdk.crypto.mscapi jdk.dynalink jdk.internal.ed jdk.editpad jdk.hotspot.agent jdk.httpserver jdk.internal.le jdk.internal.vm.ci jdk.internal.vm.compiler jdk.internal.vm.compiler.management jdk.jartool jdk.javadoc jdk.jcmd jdk.management jdk.management.agent jdk.jconsole jdk.jdeps jdk.jdwp.agent jdk.jdi jdk.jfr jdk.jshell jdk.jsobject jdk.jstatd jdk.localedata jdk.management.jfr jdk.naming.dns jdk.naming.rmi jdk.net jdk.nio.mapmode jdk.random jdk.sctp jdk.security.auth jdk.security.jgss jdk.unsupported jdk.unsupported.desktop jdk.xml.dom" 

Environment Variables:
JAVA_HOME=C:\Program Files\Java\jdk-21
PATH=D:\oracle\dbhomeXE\bin;D:\sqlplus\dbhomeXE\bin;C:\Program Files\Common Files\Oracle\Java\javapath;C:\WINDOWS\system32;C:\WINDOWS;C:\WINDOWS\System32\Wbem;C:\WINDOWS\System32\WindowsPowerShell\v1.0\;C:\WINDOWS\System32\OpenSSH\;C:\Program Files\Java\jdk-19\bin;C:\Program Files\Microsoft SQL Server\Client SDK\ODBC\170\Tools\Binn\;C:\Program Files (x86)\Microsoft SQL Server\150\Tools\Binn\;C:\Program Files\Microsoft SQL Server\150\Tools\Binn\;C:\Program Files\Microsoft SQL Server\150\DTS\Binn\;C:\Program Files\Java\jdk-21\bin;C:\Program Files\Apache\apache-maven-3.9.9\bin;C:\composer;C:\Program Files\Git\cmd;C:\Program Files\nodejs\;C:\Users\kapil\AppData\Local\Programs\Python\Python313;C:\Users\kapil\AppData\Local\Programs\Python\Python313\Scripts;C:\Program Files\Microsoft SQL Server\170\Tools\Binn\;C:\Program Files\dotnet\;C:\Users\kapil\AppData\Local\Microsoft\WindowsApps;C:\C:\xampp\phpUsers\kapil\AppData\Local\Programs\Microsoft VS Code\bin;C:\Program Files\Azure Data Studio\bin;C:\Users\kapil\AppData\Local\Programs\Microsoft VS Code\bin;C:\Users\kapil\AppData\Local\GitHubDesktop\bin;D:\intellij idea\IntelliJ IDEA Community Edition 2024.3\bin;;C:\xampp\php;C:\Users\kapil\AppData\Roaming\npm;C:\Users\kapil\.dotnet\tools;C:\Users\kapil\AppData\Roaming\Composer\vendor\bin;C:\Users\kapil\AppData\Local\Python\bin
USERNAME=kapil
OS=Windows_NT
PROCESSOR_IDENTIFIER=Intel64 Family 6 Model 140 Stepping 2, GenuineIntel
TMP=C:\Users\kapil\AppData\Local\Temp
TEMP=C:\Users\kapil\AppData\Local\Temp




Periodic native trim disabled

---------------  S Y S T E M  ---------------

OS:
 Windows 11 , 64 bit Build 26100 (10.0.26100.7309)
OS uptime: 0 days 0:59 hours
Hyper-V role detected

CPU: total 8 (initial active 8) (4 cores per cpu, 2 threads per core) family 6 model 140 stepping 2 microcode 0x2c, cx8, cmov, fxsr, ht, mmx, 3dnowpref, sse, sse2, sse3, ssse3, sse4.1, sse4.2, popcnt, lzcnt, tsc, tscinvbit, avx, avx2, aes, erms, clmul, bmi1, bmi2, adx, avx512f, avx512dq, avx512cd, avx512bw, avx512vl, sha, fma, vzeroupper, avx512_vpopcntdq, avx512_vpclmulqdq, avx512_vaes, avx512_vnni, clflush, clflushopt, clwb, avx512_vbmi2, avx512_vbmi, hv, rdtscp, rdpid, fsrm, gfni, avx512_bitalg, f16c, cet_ibt, cet_ss, avx512_ifma
Processor Information for the first 8 processors :
  Max Mhz: 2918, Current Mhz: 2918, Mhz Limit: 2918

Memory: 4k page, system-wide physical 7941M (675M free)
TotalPageFile size 21603M (AvailPageFile size 1M)
current process WorkingSet (physical memory assigned to process): 90M, peak: 90M
current process commit charge ("private bytes"): 242M, peak: 242M

vm_info: OpenJDK 64-Bit Server VM (21.0.9+10-LTS) for windows-amd64 JRE (21.0.9+10-LTS), built on 2025-10-21T00:00:00Z by "admin" with unknown MS VC++:1942

END.
